
[21:40:29.9231313]>正在初始化...
[21:42:27.5570713]>正在初始化...
[21:42:29.4051310]>写入配置:desktopDir<=""
[21:53:09.6564757]>正在初始化...
[22:02:18.6495155]>正在初始化...
[22:03:37.1915097]>正在初始化...
[22:19:15.9949892]>正在初始化...
[22:23:05.2546862]>正在初始化...
[22:31:43.5085952]>正在初始化...
[22:36:11.2716194]>正在初始化...
[22:41:05.9702007]>正在初始化...
[22:48:53.6934852]>正在初始化...
[22:55:07.1076881]>正在初始化...
[22:57:05.4519910]>正在初始化...
[23:03:53.2282244]>正在初始化...
[23:11:12.2631675]>正在初始化...
[23:12:01.2539200]>正在初始化...
[23:12:48.0472106]>正在初始化...
[23:14:17.9017305]>正在初始化...
[23:20:57.5594824]>正在初始化...
[23:22:09.1569702]>正在初始化...
[23:23:42.6156224]>正在初始化...
[23:25:14.9266564]>正在初始化...
[23:26:07.1926536]>正在初始化...
[23:27:18.1177203]>正在初始化...
[23:45:50.4055790]>正在初始化...
[23:48:10.4997137]>正在初始化...
[23:48:32.8288900]>test
[23:48:34.4331229]>test
[23:48:43.8805900]>test
[23:48:46.0355357]>test
[23:48:48.2981363]>test
[23:49:43.8960968]>正在初始化...
[23:49:45.7820526]> movingPosition = true;
[23:49:46.9998336]> movingPosition = false;
[23:49:55.3359027]> movingPosition = true;
[23:49:56.9406071]> movingPosition = false;
[23:50:01.9405632]> movingPosition = true;
[23:50:02.9021998]> movingPosition = false;
[23:50:05.0756804]> movingPosition = true;
[23:50:05.9428774]> movingPosition = false;
[23:50:07.2691255]> movingPosition = true;
[23:50:07.3741772]> movingPosition = false;
[23:50:07.7661286]> movingPosition = true;
[23:50:07.8952925]> movingPosition = false;
[23:50:08.4079274]> movingPosition = true;
[23:50:08.5166327]> movingPosition = false;
[23:50:09.2547336]> movingPosition = true;
[23:50:09.3644108]> movingPosition = false;
[23:50:33.2872908]>正在初始化...
[23:50:41.9726549]> movingPosition = true;
[23:50:42.5331566]> movingPosition = false;
[23:50:43.4273932]> movingPosition = true;
[23:50:44.2043140]> movingPosition = false;
[23:50:44.7239449]> movingPosition = true;
[23:50:45.3408072]> movingPosition = false;
[23:50:46.3637299]> movingPosition = true;
[23:50:47.2054809]> movingPosition = false;
[23:50:47.6482948]> movingPosition = true;
[23:50:48.6296844]> movingPosition = false;
[23:50:49.1647697]> movingPosition = true;
[23:50:50.3286638]> movingPosition = false;
[23:50:51.0761685]> movingPosition = true;
[23:50:52.4022668]> movingPosition = false;
[23:50:52.9678877]> movingPosition = true;
[23:50:54.0555788]> movingPosition = false;
[23:50:54.5082560]> movingPosition = true;
[23:50:55.4273092]> movingPosition = false;
[23:52:40.2453939]>正在初始化...
[23:52:56.8467980]> movingPosition = false;
[23:54:59.2890845]>正在初始化...
[23:55:08.8431035]> movingPosition = true;
[23:55:12.7257143]> movingPosition = false;
[23:55:13.4695680]> movingPosition = true;
[23:55:14.6142937]> movingPosition = false;
[23:55:15.2955980]> movingPosition = true;
[23:55:16.9268377]> movingPosition = false;
[23:55:17.1162662]> movingPosition = true;
[23:55:18.1243793]> movingPosition = false;
[23:55:18.3398033]> movingPosition = true;
[23:55:18.9653367]> movingPosition = false;
[23:55:19.1997111]> movingPosition = true;
[23:55:20.2165440]> movingPosition = false;
[23:55:20.5247185]> movingPosition = true;
[23:55:21.4026794]> movingPosition = false;
[23:55:21.7169173]> movingPosition = true;
[23:55:23.5975684]> movingPosition = false;
[23:55:24.0065971]> movingPosition = true;
[23:55:25.0214109]> movingPosition = false;
[23:55:25.8162210]> movingPosition = true;
[23:55:27.6356027]> movingPosition = false;
[23:55:28.0166297]> movingPosition = true;
[23:55:29.1257702]> movingPosition = false;
[23:55:30.5423675]> movingPosition = true;
[23:55:31.8454259]> movingPosition = false;
[23:55:32.3091989]> movingPosition = true;
[23:55:33.4957218]> movingPosition = false;
[23:55:33.8114359]> movingPosition = true;
[23:55:34.6728430]> movingPosition = false;
[23:55:35.0044782]> movingPosition = true;
[23:55:35.5426389]> movingPosition = false;
[23:55:35.9485516]> movingPosition = true;
[23:55:36.3724185]> movingPosition = false;
[23:55:36.8066653]> movingPosition = true;
[23:55:38.1261068]> movingPosition = false;
[23:55:38.6846468]> movingPosition = true;
[23:55:38.9952324]> movingPosition = false;
[23:55:52.8844859]>正在初始化...
[23:56:05.7756168]> movingPosition = true;
[23:56:06.1003153]> movingPosition = false;
[23:56:07.6034235]> movingPosition = true;
[23:56:07.9284403]> movingPosition = false;
[23:56:08.5016750]> movingPosition = true;
[23:56:08.7799543]> movingPosition = false;
[23:56:28.4374011]>正在初始化...
[23:56:39.9738871]> movingPosition = true;
[23:56:40.7697851]> movingPosition = false;
[23:56:41.3236228]> movingPosition = true;
[23:56:41.6753356]> movingPosition = false;
[23:57:05.6300846]>正在初始化...
[23:57:08.3246306]> movingPosition = true;
[23:57:08.6577386]> movingPosition = false;
[23:57:14.1899485]> movingPosition = true;
[23:57:14.4432725]> movingPosition = false;
[23:57:15.6022570]> movingPosition = true;
[23:57:15.9393548]> movingPosition = false;
[23:57:16.5168473]> movingPosition = true;
[23:57:16.7900812]> movingPosition = false;
[23:57:17.0864123]> movingPosition = true;
[23:57:18.2867895]> movingPosition = false;
[23:57:19.5800008]> movingPosition = true;
[23:57:20.7845632]> movingPosition = false;
[23:57:21.3869533]> movingPosition = true;
[23:57:22.1798344]> movingPosition = false;
[23:57:22.5244569]> movingPosition = true;
[23:57:22.9992686]> movingPosition = false;
[23:57:23.4170973]> movingPosition = true;
[23:57:24.4443592]> movingPosition = false;
[23:57:24.7874218]> movingPosition = true;
[23:57:25.1315481]> movingPosition = false;
[23:57:25.5020339]> movingPosition = true;
[23:57:25.6037606]> movingPosition = false;
[23:57:26.0252919]> movingPosition = true;
[23:57:26.1000942]> movingPosition = false;
[23:57:26.2197704]> movingPosition = true;
[23:57:26.3152729]> movingPosition = false;
[23:57:26.4120115]> movingPosition = true;
[23:57:26.5087539]> movingPosition = false;
[23:57:26.6463846]> movingPosition = true;
[23:57:26.7181939]> movingPosition = false;
[23:57:26.8932403]> movingPosition = true;
[23:57:26.9640482]> movingPosition = false;
[23:57:27.0847253]> movingPosition = true;
[23:57:27.1884480]> movingPosition = false;
[23:57:27.2921702]> movingPosition = true;
[23:57:27.3724787]> movingPosition = false;
[23:57:27.4781969]> movingPosition = true;
[23:57:27.5569868]> movingPosition = false;
[23:57:27.6681996]> movingPosition = true;
[23:57:27.7420027]> movingPosition = false;
[23:57:27.8437329]> movingPosition = true;
[23:57:27.9180535]> movingPosition = false;
[23:57:28.0128034]> movingPosition = true;
[23:57:28.1005670]> movingPosition = false;
[23:57:28.2117760]> movingPosition = true;
[23:57:28.2915639]> movingPosition = false;
[23:57:28.3873053]> movingPosition = true;
[23:57:28.5076723]> movingPosition = false;
[23:57:28.5874564]> movingPosition = true;
[23:57:28.6762470]> movingPosition = false;
[23:57:28.7699712]> movingPosition = true;
[23:57:28.8507827]> movingPosition = false;
[23:57:28.9487210]> movingPosition = true;
[23:57:29.0445316]> movingPosition = false;
[23:57:29.5420040]> movingPosition = true;
[23:57:30.3987332]> movingPosition = false;
[23:57:30.9552401]> movingPosition = true;
[23:57:31.3302374]> movingPosition = false;
[00:00:59.8681574]>正在初始化...
[00:01:02.9947750]> movingPosition = true;
[00:01:08.7763157]> movingPosition = false;
[00:01:11.4372027]>正在初始化...
[00:01:21.5579225]> movingPosition = true;
[00:01:50.7480925]>正在初始化...
[00:03:16.2198417]>正在初始化...
[00:03:18.7361109]> movingPosition = true;
[00:03:19.0552588]> movingPosition = false;
[00:03:32.2061350]> movingPosition = true;
[00:03:32.5179677]> movingPosition = false;
[00:03:33.1679526]> movingPosition = true;
[00:03:34.3169041]> movingPosition = false;
[00:03:34.8739242]> movingPosition = true;
[00:03:35.2829393]> movingPosition = false;
[00:03:36.0291532]> movingPosition = true;
[00:03:36.3622613]> movingPosition = false;
[00:03:37.7770133]> movingPosition = true;
[00:03:38.1599889]> movingPosition = false;
[00:03:38.6233770]> movingPosition = true;
[00:03:39.0612066]> movingPosition = false;
[00:03:39.5339477]> movingPosition = true;
[00:03:39.9875985]> movingPosition = false;
[00:03:41.9618060]> movingPosition = true;
[00:03:42.2979054]> movingPosition = false;
[00:03:42.9667891]> movingPosition = true;
[00:03:43.3379886]> movingPosition = false;
[00:04:23.7230498]>正在初始化...
[00:05:19.7477090]>正在初始化...
[00:05:37.0955353]> movingPosition = true;
[00:05:37.4854933]> movingPosition = false;
[00:05:38.1334890]> movingPosition = true;
[00:05:38.5433932]> movingPosition = false;
[00:05:45.4581841]> movingPosition = true;
[00:05:46.0346423]> movingPosition = false;
[00:05:46.4812851]> movingPosition = true;
[00:05:47.4516898]> movingPosition = false;
[00:05:48.6176187]> movingPosition = true;
[00:05:48.9876283]> movingPosition = false;
[00:05:51.1654498]> movingPosition = true;
[00:05:51.6865681]> movingPosition = false;
[00:06:17.3824951]>正在初始化...
[00:06:25.4291588]> movingPosition = true;
[00:06:25.8231052]> movingPosition = false;
[00:06:27.9559709]> movingPosition = true;
[00:06:28.3424486]> movingPosition = false;
[00:06:29.2582152]> movingPosition = true;
[00:06:29.6196616]> movingPosition = false;
[00:06:39.5711616]> movingPosition = true;
[00:06:39.8591146]> movingPosition = false;
[00:07:50.6071820]>正在初始化...
[00:08:01.5658803]> movingPosition = true;
[00:08:01.9319005]> movingPosition = false;
[00:08:02.4490269]> movingPosition = true;
[00:08:02.7382532]> movingPosition = false;
[00:08:34.2640797]>正在初始化...
[00:08:47.9573337]> movingPosition = true;
[00:08:48.3991756]> movingPosition = false;
[00:08:48.9257672]> movingPosition = true;
[00:08:49.2379400]> movingPosition = false;
[00:08:49.7636889]> movingPosition = true;
[00:08:50.0868249]> movingPosition = false;
[00:08:50.7735360]> movingPosition = true;
[00:08:51.0548966]> movingPosition = false;
[00:08:51.4403959]> movingPosition = true;
[00:08:51.7515643]> movingPosition = false;
[00:08:52.1076113]> movingPosition = true;
[00:08:52.4317452]> movingPosition = false;
[00:08:54.1812270]> movingPosition = true;
[00:08:54.5412014]> movingPosition = false;
[00:08:55.0079543]> movingPosition = true;
[00:08:55.4383146]> movingPosition = false;
[00:09:06.3370833]>正在初始化...
[00:10:56.0202641]>正在初始化...
[00:10:57.6505446]> movingPosition = true;
[00:11:06.7552170]>正在初始化...
[00:12:03.4018897]>正在初始化...
[00:14:34.2589917]>正在初始化...
[00:14:57.9083306]>正在初始化...
[00:15:16.8043669]> movingPosition = true;
[00:15:17.2950540]> movingPosition = false;
[00:15:17.7611959]> movingPosition = true;
[00:15:18.0743586]> movingPosition = false;
[00:17:06.0858457]>正在初始化...
[00:17:30.0945075]> movingPosition = true;
[00:17:30.4370752]> movingPosition = false;
[00:17:30.7737045]> movingPosition = true;
[00:17:31.1447398]> movingPosition = false;
[00:17:37.4779895]> movingPosition = true;
[00:17:38.0226619]> movingPosition = false;
[00:17:38.4566502]> movingPosition = true;
[00:17:39.0492326]> movingPosition = false;
[00:17:39.5962820]> movingPosition = true;
[00:17:39.9563200]> movingPosition = false;
[00:17:40.7696725]> movingPosition = true;
[00:17:42.6429009]> movingPosition = false;
[00:17:43.7946705]> movingPosition = true;
[00:17:44.1527125]> movingPosition = false;
[00:17:44.5606216]> movingPosition = true;
[00:17:44.9940462]> movingPosition = false;
[00:17:45.3226773]> movingPosition = true;
[00:17:45.7615547]> movingPosition = false;
[00:17:46.0567645]> movingPosition = true;
[00:17:46.5221060]> movingPosition = false;
[00:17:46.7774250]> movingPosition = true;
[00:17:49.4378888]> movingPosition = false;
[00:17:49.7738470]> movingPosition = true;
[00:17:50.3106926]> movingPosition = false;
[00:17:51.1001796]> movingPosition = true;
[00:17:51.7938291]> movingPosition = false;
[00:17:56.2074308]> movingPosition = true;
[00:17:56.7056119]> movingPosition = false;
[00:18:22.5734139]> movingPosition = true;
[00:18:22.6751428]> movingPosition = false;
[00:18:23.4251374]> movingPosition = true;
[00:18:23.5368384]> movingPosition = false;
[00:18:24.1611686]> movingPosition = true;
[00:18:25.0986619]> movingPosition = false;
[00:18:26.0012505]> movingPosition = true;
[00:18:26.3423381]> movingPosition = false;
[00:19:03.3849079]> movingPosition = true;
[00:19:03.6192819]> movingPosition = false;
[00:19:05.2266798]> movingPosition = true;
[00:19:05.9988876]> movingPosition = false;
[00:19:56.2056247]>写入配置:desktopDir=()<=""
[00:20:00.8214805]>写入配置:desktopDir=()<=""
[00:21:07.4721740]>正在初始化...
[00:27:15.7782720]>正在初始化...
[00:27:41.1903257]>0.339949190219117
[00:27:42.6818841]>0.801047951730708
[00:27:43.8358233]>0.949666560812957
[00:27:44.8022400]>0.995395363607495
[00:27:45.7536955]>1
[00:27:47.4217233]>0.00920927278501089
[00:27:49.0972637]>0
[00:27:52.8159645]>0.236265481105113
[00:27:53.8732317]>0.906954588758336
[00:27:54.4726988]>0.579231502064148
[00:27:56.9491648]>0.167672276913306
[00:27:58.6636765]>0
[00:27:59.5695628]>0.293426484598285
[00:28:00.6008051]>0.468720228644014
[00:28:03.5928789]>0.704985709749127
[00:28:04.6790395]>0
[00:28:06.7396548]>0.205779612575421
[00:28:15.6229269]>0
[00:28:22.8601489]>1
[00:28:30.7060488]> movingPosition = true;
[00:28:31.0625672]> movingPosition = false;
[00:28:31.5662199]> movingPosition = true;
[00:28:31.8644228]> movingPosition = false;
[00:28:32.4234393]> movingPosition = true;
[00:28:32.8273902]> movingPosition = false;
[00:28:33.3948744]> movingPosition = true;
[00:28:33.6933196]> movingPosition = false;
[00:28:35.7611639]> movingPosition = true;
[00:28:36.0314666]> movingPosition = false;
[00:28:37.2009527]> movingPosition = true;
[00:28:37.5754888]> movingPosition = false;
[00:28:38.4725990]> movingPosition = true;
[00:28:38.7358958]> movingPosition = false;
[00:28:40.7729894]> movingPosition = true;
[00:28:41.1828923]> movingPosition = false;
[00:28:43.8513041]> movingPosition = true;
[00:28:45.7268181]> movingPosition = false;
[00:28:53.7267204]> movingPosition = true;
[00:28:53.8134894]> movingPosition = false;
[00:28:53.8484087]> movingPosition = true;
[00:28:53.8823069]> movingPosition = false;
[00:28:54.1271624]> movingPosition = true;
[00:28:54.1999675]> movingPosition = false;
[00:34:40.7998075]> movingPosition = true;
[00:34:40.9065220]> movingPosition = false;
[00:34:41.4240460]> movingPosition = true;
[00:34:41.6578257]> movingPosition = false;
[00:34:42.3117367]> movingPosition = true;
[00:34:43.5036023]> movingPosition = false;
[00:34:44.2156966]> movingPosition = true;
[00:34:46.6888861]> movingPosition = false;
[00:34:48.5576341]>0
[00:34:49.1816285]>1
[00:34:49.4915827]>0
[00:34:50.8175522]>0.224833280406478
[00:34:51.4538487]>1
[00:34:52.0294946]>0
[00:34:52.3636398]>1
[00:34:52.7271773]>0
[00:34:53.3739554]>1
[00:34:54.5653312]>0
[00:34:55.1817083]>1
[00:34:55.6616362]>0
[00:34:56.1153676]>1
[00:34:57.2081497]>0
[00:34:57.7318404]>1
[00:34:58.1986700]>0
[00:34:58.6843712]>1
[00:35:00.0179814]>0
[00:35:00.3959714]>1
[00:35:01.0771490]>0
[00:35:01.4354308]>1
[00:35:03.0452428]>0
[00:35:04.4355178]>0.430612892981899
[00:35:05.7239948]>0.430612892981899
[00:35:07.0288584]>0.430612892981899
[00:35:07.6197533]>1
[00:35:08.1331353]>0
[00:35:08.7078587]>1
[00:35:29.2764224]> movingPosition = true;
[00:35:39.3448520]> movingPosition = false;
[00:36:10.7485137]> movingPosition = true;
[00:36:11.4682312]> movingPosition = false;
[00:36:12.0471987]> movingPosition = true;
[00:36:13.3149376]> movingPosition = false;
[00:36:13.7009049]> movingPosition = true;
[00:36:14.3117794]> movingPosition = false;
[00:36:14.6773320]> movingPosition = true;
[00:36:15.4283242]> movingPosition = false;
[00:36:16.7977800]> movingPosition = true;
[00:36:17.1905693]> movingPosition = false;
[00:36:18.8220036]> movingPosition = true;
[00:36:19.3331818]> movingPosition = false;
[00:36:20.6725192]> movingPosition = true;
[00:36:21.0654668]> movingPosition = false;
[00:36:28.0602568]> movingPosition = true;
[00:36:28.8289728]> movingPosition = false;
[00:36:29.5873348]> movingPosition = true;
[00:36:30.2366003]> movingPosition = false;
[00:36:31.1315596]> movingPosition = true;
[00:36:31.5965388]> movingPosition = false;
[00:36:32.1213346]> movingPosition = true;
[00:36:32.5821017]> movingPosition = false;
[00:36:33.0009885]> movingPosition = true;
[00:36:33.4428044]> movingPosition = false;
[00:36:34.0786158]> movingPosition = true;
[00:36:34.4596164]> movingPosition = false;
[00:36:52.1856960]>0
[00:36:52.9192482]>1
[00:36:55.3072038]>0.344553826611622
[00:37:06.7181252]> movingPosition = true;
[00:37:07.3270276]> movingPosition = false;
[00:37:08.3633617]> movingPosition = true;
[00:37:08.7162235]> movingPosition = false;
[00:37:09.2691460]> movingPosition = true;
[00:37:09.6587400]> movingPosition = false;
[00:37:10.3803968]> movingPosition = true;
[00:37:11.1383684]> movingPosition = false;
[00:37:16.3273659]> movingPosition = true;
[00:37:17.1097838]> movingPosition = false;
[00:37:21.7946662]> movingPosition = true;
[00:37:22.8194372]> movingPosition = false;
[00:37:23.3410440]> movingPosition = true;
[00:37:23.8234598]> movingPosition = false;
[12:39:06.7072479]>正在初始化...
[12:39:13.3285361]> movingPosition = true;
[12:39:13.6536672]> movingPosition = false;
[12:39:15.4259273]> movingPosition = true;
[12:39:16.0572374]> movingPosition = false;
[12:39:16.7134815]> movingPosition = true;
[12:39:17.1852202]> movingPosition = false;
[12:39:17.6050963]> movingPosition = true;
[12:39:18.0738428]> movingPosition = false;
[12:39:18.8158600]> movingPosition = true;
[12:39:19.5528852]> movingPosition = false;
[12:39:20.0864568]> movingPosition = true;
[12:39:21.1127126]> movingPosition = false;
[12:39:22.4391706]> movingPosition = true;
[12:39:22.9747317]> movingPosition = false;
[12:39:24.2203992]> movingPosition = true;
[12:39:24.3630184]> movingPosition = false;
[12:39:24.5914068]> movingPosition = true;
[12:39:24.7848896]> movingPosition = false;
[12:39:25.2237144]> movingPosition = true;
[12:39:25.3543664]> movingPosition = false;
[12:39:26.1223125]> movingPosition = true;
[12:39:26.7366699]> movingPosition = false;
[12:39:27.3290843]> movingPosition = true;
[12:39:28.0760884]> movingPosition = false;
[12:39:28.5697658]> movingPosition = true;
[12:39:28.9936296]> movingPosition = false;
[12:39:34.2316193]> movingPosition = true;
[12:39:34.6455119]> movingPosition = false;
[12:39:35.2997617]> movingPosition = true;
[12:39:35.6867270]> movingPosition = false;
[12:39:39.0907064]> movingPosition = true;
[12:39:39.4268079]> movingPosition = false;
[12:39:51.2573298]> movingPosition = true;
[12:39:51.7500109]> movingPosition = false;
[12:39:58.2014331]> movingPosition = true;
[12:39:58.5046216]> movingPosition = false;
[12:40:03.8161506]> movingPosition = true;
[12:40:05.7988463]> movingPosition = false;
[12:40:06.4241861]> movingPosition = true;
[12:40:06.9786908]> movingPosition = false;
[13:08:55.0250229]>正在初始化...
[13:09:03.1682406]>D:\Users\gaoxi\Music\lx\“笼のなか” - 増田俊郎.mp3
[18:57:36.5725965]>正在初始化...
[18:58:08.5178204]>D:\Users\gaoxi\Music\lx\36.5℃ - 音阙诗听、李佳思.mp3
[19:04:14.5510083]>正在初始化...
[19:04:22.9306415]>D:\Users\gaoxi\Music\lx\36.5℃ - 音阙诗听、李佳思.mp3
[19:04:22.9575711]>.mp3.lrc
[19:04:22.9805088]>System.Collections.Generic.SortedDictionary`2[System.Double,System.String]
[19:05:43.6895955]>正在初始化...
[19:05:52.0223543]>D:\Users\gaoxi\Music\lx\36.5℃ - 音阙诗听、李佳思.mp3
[19:05:52.0612507]>.mp3.lrc
[19:06:39.6586073]>正在初始化...
[19:06:48.9568182]>D:\Users\gaoxi\Music\lx\36.5℃ - 音阙诗听、李佳思.mp3
[19:06:48.9879770]>D:\Users\gaoxi\Music\lx\36.5℃ - 音阙诗听、李佳思.lrc
[19:07:49.2858803]>正在初始化...
[19:07:57.7882914]>D:\Users\gaoxi\Music\lx\36.5℃ - 音阙诗听、李佳思.mp3
[19:07:57.8391551]>D:\Users\gaoxi\Music\lx\36.5℃ - 音阙诗听、李佳思.lrc=>True
[19:09:23.1393018]>正在初始化...
[19:09:33.1985453]>正在初始化...
[19:22:19.6469153]>正在初始化...
[19:22:29.2913028]>D:\Users\gaoxi\Music\lx\36.5℃ - 音阙诗听、李佳思.mp3
[19:22:29.3192288]>D:\Users\gaoxi\Music\lx\36.5℃ - 音阙诗听、李佳思.lrc=>True
[19:22:29.3481514]>] 作曲 : 雪无影
[19:22:29.3710900]>] 作词 : 雪无影
[19:22:29.4109845]>]编曲：王柏鸿
[19:22:29.4329251]>]相思是一个辞藻
[19:22:29.4568617]>]甜蜜却不觉苦恼
[19:22:29.4778048]>]爱情随时都有问号
[19:22:29.4997471]>]你已经打乱了我 平静的心跳
[19:22:29.5226858]>]我却告诉你还 没想好
[19:22:29.5456244]>]快乐是一座城堡
[19:22:29.5695605]>]但别想把我套牢
[19:22:29.5925004]>]享受着思念的煎熬
[19:22:29.6134439]>]看窗外熟透的樱桃 红的那么骄傲
[19:22:29.6353854]>]没有自由 我会逃跑
[19:22:29.6583232]>]就这样爱的刚刚好
[19:22:29.6882468]>]就保持这温度就好
[19:22:29.7101866]>]三十五度不牢靠
[19:22:29.7311309]>]三十八度又怕高烧
[19:22:29.7530707]>]两个人绑在一起
[19:22:29.7740155]>]陪时间慢慢的熬
[19:22:29.7969545]>]幸福不止玫瑰香的味道
[19:22:29.8198931]>]就这样爱的刚刚好
[19:22:29.8428322]>]就保持这温度就好
[19:22:29.8657703]>]三十六点五度的拥抱
[19:22:29.8897065]>]感觉却最奇妙
[19:22:29.9136435]>]听着你胸口的节奏
[19:22:29.9375788]>]在我的耳边敲
[19:22:29.9714884]>]原来这一切 刚刚好
[19:22:29.9944274]>]快乐是一座城堡
[19:22:30.0183640]>]但别想把我套牢
[19:22:30.0422998]>]享受着思念的煎熬
[19:22:30.0682297]>]看窗外熟透的樱桃 红的那么骄傲
[19:22:30.0941619]>]没有自由 我会逃跑
[19:22:30.1180980]>]就这样爱的刚刚好
[19:22:30.1420338]>]就保持这温度就好
[19:22:30.1679646]>]三十五度不牢靠
[19:22:30.1928975]>]三十八度又怕高烧
[19:22:30.2148407]>]两个人绑在一起
[19:22:30.2467555]>]陪时间慢慢的熬
[19:22:30.2676982]>]幸福不止玫瑰香的味道
[19:22:30.2916356]>]就这样爱的刚刚好
[19:22:30.3155718]>]就保持这温度就好
[19:22:30.3415026]>]三十六点五度的拥抱
[19:22:30.3664355]>]感觉却最奇妙
[19:22:30.3893741]>]听着你胸口的节奏
[19:22:30.4133107]>]在我的耳边敲
[19:22:30.4382444]>]原来这一切 刚刚好
[19:22:30.4641744]>]就这样爱的刚刚好
[19:22:30.4861163]>]就保持这温度就好
[19:22:30.5180308]>]三十五度不牢靠
[19:22:30.5439616]>]三十八度又怕高烧
[19:22:30.5698933]>]两个人绑在一起
[19:22:30.5938286]>]陪时间慢慢的熬
[19:22:30.6187619]>]幸福不止玫瑰香的味道
[19:22:30.6436961]>]就这样爱的刚刚好
[19:22:30.6671441]>]就保持这温度就好
[19:22:30.6930754]>]三十六点五度的拥抱
[19:22:30.7170128]>]感觉却最奇妙
[19:22:30.7439391]>]听着你胸口的节奏
[19:22:30.7688728]>]在我的耳边敲
[19:22:30.7977963]>]原来这一切 刚刚好
[19:22:30.8197382]>] 混音：李佳韵
[19:22:30.8436752]>]母带处理：殇小谨
[19:22:30.8676118]>]和声：皎月
[19:22:30.8895516]>]和声编写：皎月
[19:22:30.9134882]>]制作人：殇小谨
[19:22:30.9344317]>]配唱制作人：殇小谨
[19:22:30.9553756]>]混音室：Hi Music Studio
[19:22:30.9783142]>]出品：音阙诗听
[19:24:14.2202178]>正在初始化...
[19:24:22.0004864]>D:\Users\gaoxi\Music\lx\36.5℃ - 音阙诗听、李佳思.mp3
[19:24:22.0593281]>D:\Users\gaoxi\Music\lx\36.5℃ - 音阙诗听、李佳思.lrc=>True
[19:24:22.0802725]>00:00:00] 作曲 : 雪无影
[19:24:22.1012169]>00:00:00.9000000] 作词 : 雪无影
[19:24:22.1231580]>00:00:02.7100000]编曲：王柏鸿
[19:24:22.1431048]>00:00:17.1400000]相思是一个辞藻
[19:24:22.1630517]>00:00:19.3900000]甜蜜却不觉苦恼
[19:24:22.1829994]>00:00:21.0900000]爱情随时都有问号
[19:24:22.2029471]>00:00:23.6700000]你已经打乱了我 平静的心跳
[19:24:22.2248878]>00:00:28.3200000]我却告诉你还 没想好
[19:24:22.2448337]>00:00:33.1700000]快乐是一座城堡
[19:24:22.2657794]>00:00:35.2700000]但别想把我套牢
[19:24:22.2857258]>00:00:37.1900000]享受着思念的煎熬
[19:24:22.3146477]>00:00:40.3600000]看窗外熟透的樱桃 红的那么骄傲
[19:24:22.3335983]>00:00:44.5200000]没有自由 我会逃跑
[19:24:22.3535443]>00:00:48.5900000]就这样爱的刚刚好
[19:24:22.3734920]>00:00:50.4200000]就保持这温度就好
[19:24:22.3944355]>00:00:52.4200000]三十五度不牢靠
[19:24:22.4143824]>00:00:54.0300000]三十八度又怕高烧
[19:24:22.4353276]>00:00:56.2400000]两个人绑在一起
[19:24:22.4552740]>00:00:57.9300000]陪时间慢慢的熬
[19:24:22.4752204]>00:01:00.4900000]幸福不止玫瑰香的味道
[19:24:22.4951681]>00:01:04.4200000]就这样爱的刚刚好
[19:24:22.5171088]>00:01:06.3400000]就保持这温度就好
[19:24:22.5390499]>00:01:08.1700000]三十六点五度的拥抱
[19:24:22.5659775]>00:01:10.6000000]感觉却最奇妙
[19:24:22.5869224]>00:01:12.7200000]听着你胸口的节奏
[19:24:22.6098606]>00:01:14.7400000]在我的耳边敲
[19:24:22.6288112]>00:01:16.7700000]原来这一切 刚刚好
[19:24:22.6477596]>00:01:37.2700000]快乐是一座城堡
[19:24:22.6657130]>00:01:38.9700000]但别想把我套牢
[19:24:22.6826728]>00:01:41.1300000]享受着思念的煎熬
[19:24:22.7016225]>00:01:43.6400000]看窗外熟透的樱桃 红的那么骄傲
[19:24:22.7185771]>00:01:48.6200000]没有自由 我会逃跑
[19:24:22.7375264]>00:01:52.4700000]就这样爱的刚刚好
[19:24:22.7554781]>00:01:54.2500000]就保持这温度就好
[19:24:22.7784176]>00:01:56.1900000]三十五度不牢靠
[19:24:22.7963689]>00:01:58.0200000]三十八度又怕高烧
[19:24:22.8133248]>00:02:00.3100000]两个人绑在一起
[19:24:22.8312778]>00:02:02.0200000]陪时间慢慢的熬
[19:24:22.8472340]>00:02:04.3700000]幸福不止玫瑰香的味道
[19:24:22.8661842]>00:02:08.4200000]就这样爱的刚刚好
[19:24:22.8851347]>00:02:10.3000000]就保持这温度就好
[19:24:22.9050812]>00:02:12.2500000]三十六点五度的拥抱
[19:24:22.9240300]>00:02:14.5700000]感觉却最奇妙
[19:24:22.9439773]>00:02:16.4400000]听着你胸口的节奏
[19:24:22.9629270]>00:02:18.5900000]在我的耳边敲
[19:24:22.9918493]>00:02:20.7700000]原来这一切 刚刚好
[19:24:23.0117970]>00:02:24.8400000]就这样爱的刚刚好
[19:24:23.0317430]>00:02:26.3100000]就保持这温度就好
[19:24:23.0516894]>00:02:28.2100000]三十五度不牢靠
[19:24:23.0806117]>00:02:29.8700000]三十八度又怕高烧
[19:24:23.1050608]>00:02:32.2500000]两个人绑在一起
[19:24:23.1260052]>00:02:34.0300000]陪时间慢慢的熬
[19:24:23.1449545]>00:02:36.6100000]幸福不止玫瑰香的味道
[19:24:23.1658984]>00:02:40.4900000]就这样爱的刚刚好
[19:24:23.1868424]>00:02:42.2200000]就保持这温度就好
[19:24:23.2127746]>00:02:44.1600000]三十六点五度的拥抱
[19:24:23.2337177]>00:02:46.5300000]感觉却最奇妙
[19:24:23.2546630]>00:02:48.5200000]听着你胸口的节奏
[19:24:23.2756065]>00:02:50.6600000]在我的耳边敲
[19:24:23.2975485]>00:02:52.6700000]原来这一切 刚刚好
[19:24:23.3174966]>00:03:01.7500000] 混音：李佳韵
[19:24:23.3374417]>00:03:02.0400000]母带处理：殇小谨
[19:24:23.3573890]>00:03:02.2900000]和声：皎月
[19:24:23.3783321]>00:03:02.4900000]和声编写：皎月
[19:24:23.3982781]>00:03:02.6700000]制作人：殇小谨
[19:24:23.4252083]>00:03:02.8400000]配唱制作人：殇小谨
[19:24:23.4451564]>00:03:02.9900000]混音室：Hi Music Studio
[19:24:23.4651015]>00:03:03.1600000]出品：音阙诗听
[19:24:59.3309414]>正在初始化...
[19:25:11.8536281]>D:\Users\gaoxi\Music\lx\36.5℃ - 音阙诗听、李佳思.mp3
[19:25:11.9005034]>D:\Users\gaoxi\Music\lx\36.5℃ - 音阙诗听、李佳思.lrc=>True
[19:25:11.9264347]>00:00:00] 作曲 : 雪无影
[19:25:11.9513689]>00:00:00.9050000] 作词 : 雪无影
[19:25:11.9753039]>00:00:02.7170000]编曲：王柏鸿
[19:25:11.9972458]>00:00:17.1430000]相思是一个辞藻
[19:25:12.0191869]>00:00:19.3940000]甜蜜却不觉苦恼
[19:25:12.0431244]>00:00:21.0900000]爱情随时都有问号
[19:25:12.0630708]>00:00:23.6730000]你已经打乱了我 平静的心跳
[19:25:12.0899989]>00:00:28.3260000]我却告诉你还 没想好
[19:25:12.1139351]>00:00:33.1700000]快乐是一座城堡
[19:25:12.1438558]>00:00:35.2720000]但别想把我套牢
[19:25:12.1687891]>00:00:37.1910000]享受着思念的煎熬
[19:25:12.1947196]>00:00:40.3680000]看窗外熟透的樱桃 红的那么骄傲
[19:25:12.2176591]>00:00:44.5210000]没有自由 我会逃跑
[19:25:12.2445863]>00:00:48.5910000]就这样爱的刚刚好
[19:25:12.2675254]>00:00:50.4200000]就保持这温度就好
[19:25:12.2924596]>00:00:52.4290000]三十五度不牢靠
[19:25:12.3134031]>00:00:54.0380000]三十八度又怕高烧
[19:25:12.3393349]>00:00:56.2460000]两个人绑在一起
[19:25:12.3622722]>00:00:57.9390000]陪时间慢慢的熬
[19:25:12.3852113]>00:01:00.4930000]幸福不止玫瑰香的味道
[19:25:12.4111431]>00:01:04.4220000]就这样爱的刚刚好
[19:25:12.4400645]>00:01:06.3450000]就保持这温度就好
[19:25:12.4649983]>00:01:08.1730000]三十六点五度的拥抱
[19:25:12.4849456]>00:01:10.6020000]感觉却最奇妙
[19:25:12.5108777]>00:01:12.7230000]听着你胸口的节奏
[19:25:12.5397987]>00:01:14.7420000]在我的耳边敲
[19:25:12.5712256]>00:01:16.7770000]原来这一切 刚刚好
[19:25:12.5961585]>00:01:37.2750000]快乐是一座城堡
[19:25:12.6210918]>00:01:38.9700000]但别想把我套牢
[19:25:12.6480203]>00:01:41.1360000]享受着思念的煎熬
[19:25:12.6754573]>00:01:43.6430000]看窗外熟透的樱桃 红的那么骄傲
[19:25:12.7023854]>00:01:48.6280000]没有自由 我会逃跑
[19:25:12.7283171]>00:01:52.4720000]就这样爱的刚刚好
[19:25:12.7512558]>00:01:54.2520000]就保持这温度就好
[19:25:12.7771862]>00:01:56.1950000]三十五度不牢靠
[19:25:12.8071065]>00:01:58.0200000]三十八度又怕高烧
[19:25:12.8350330]>00:02:00.3100000]两个人绑在一起
[19:25:12.8579703]>00:02:02.0250000]陪时间慢慢的熬
[19:25:12.8858963]>00:02:04.3730000]幸福不止玫瑰香的味道
[19:25:12.9208035]>00:02:08.4230000]就这样爱的刚刚好
[19:25:12.9467357]>00:02:10.3060000]就保持这温度就好
[19:25:12.9678990]>00:02:12.2580000]三十六点五度的拥抱
[19:25:12.9928323]>00:02:14.5770000]感觉却最奇妙
[19:25:13.0197599]>00:02:16.4420000]听着你胸口的节奏
[19:25:13.0456917]>00:02:18.5910000]在我的耳边敲
[19:25:13.0716222]>00:02:20.7770000]原来这一切 刚刚好
[19:25:13.0975582]>00:02:24.8450000]就这样爱的刚刚好
[19:25:13.1204917]>00:02:26.3150000]就保持这温度就好
[19:25:13.1474206]>00:02:28.2170000]三十五度不牢靠
[19:25:13.1713560]>00:02:29.8770000]三十八度又怕高烧
[19:25:13.1934157]>00:02:32.2590000]两个人绑在一起
[19:25:13.2263269]>00:02:34.0310000]陪时间慢慢的熬
[19:25:13.2492660]>00:02:36.6120000]幸福不止玫瑰香的味道
[19:25:13.2712084]>00:02:40.4990000]就这样爱的刚刚好
[19:25:13.2991352]>00:02:42.2280000]就保持这温度就好
[19:25:13.3220739]>00:02:44.1600000]三十六点五度的拥抱
[19:25:13.3440150]>00:02:46.5360000]感觉却最奇妙
[19:25:13.3689479]>00:02:48.5240000]听着你胸口的节奏
[19:25:13.3958755]>00:02:50.6630000]在我的耳边敲
[19:25:13.4228040]>00:02:52.6790000]原来这一切 刚刚好
[19:25:13.4507304]>00:03:01.7530000] 混音：李佳韵
[19:25:13.4746654]>00:03:02.0450000]母带处理：殇小谨
[19:25:13.5035885]>00:03:02.2960000]和声：皎月
[19:25:13.5235366]>00:03:02.4940000]和声编写：皎月
[19:25:13.5464744]>00:03:02.6760000]制作人：殇小谨
[19:25:13.5684168]>00:03:02.8440000]配唱制作人：殇小谨
[19:25:13.5913550]>00:03:02.9930000]混音室：Hi Music Studio
[19:25:13.6162888]>00:03:03.1660000]出品：音阙诗听
[19:28:45.1856068]>正在初始化...
[19:29:07.6297972]>D:\Users\gaoxi\Music\lx\2018绝地求生PGI赛季大厅BGM(PUBG's Main Theme Sanhok July - 凌冬冷月、PUBG、绝地求生.mp3
[19:29:07.6607154]>D:\Users\gaoxi\Music\lx\2018绝地求生PGI赛季大厅BGM(PUBG's Main Theme Sanhok July - 凌冬冷月、PUBG、绝地求生.lrc=>False
[19:29:21.1279892]>D:\Users\gaoxi\Music\lx\8090 - 赵方婧.mp3
[19:29:21.1549176]>D:\Users\gaoxi\Music\lx\8090 - 赵方婧.lrc=>True
[19:29:21.1798510]>00:00:00] 作曲 : 徐鹏
[19:29:21.2047843]>00:00:00.6670000] 作词 : 徐鹏
[19:29:21.2307148]>00:00:02.0200000]主唱：赵方婧
[19:29:21.2551634]>00:00:02.8600000]编曲：徐鹏
[19:29:21.2840866]>00:00:03.0600000]RAP ：大米虫
[19:29:21.3140051]>00:00:03.2600000]混音：殇小谨
[19:29:21.3379422]>00:00:03.8600000]美工：阿弥
[19:29:21.3628768]>00:00:04.3100000]策划：徐鹏
[19:29:21.3888069]>00:00:05.3100000]音阙诗听，不曾参与你的过去，但想陪你到未来。
[19:29:21.4287006]>00:00:32.8000000]每天把吃早餐的Money 在身上偷偷地藏起
[19:29:21.4526359]>00:00:36.2900000]等待下课一打铃 冲向游戏厅
[19:29:21.4945252]>00:00:40.2000000]机房的老板很热情 里面的消费也便宜
[19:29:21.5204718]>00:00:43.7900000]一块钱买上五个币 爽到飞起
[19:29:21.5483808]>00:00:47.2800000]总是自信和别人 强行决斗97
[19:29:21.5852839]>00:00:50.7200000]连输几盘还要比 心里就不服气
[19:29:21.6102164]>00:00:54.2500000]学人耍帅玩飞机 子弹躲不过去
[19:29:21.6341522]>00:00:57.9800000]最后陪我的只有雪人兄弟（菜~到~不~行！）
[19:29:21.6600831]>00:01:01.9700000]鲁摸买~gio 鲁 堆湖绣加mue~（你妈叫你回家吃饭）
[19:29:21.6959870]>00:01:05.9000000]内阿妈~玩哦 ham 内 翻哦K（你妈找我喊你回家）
[19:29:21.7219192]>00:01:09.2500000]你个瓜娃子搞么四还不肥~诶（你个笨蛋怎么还不回家）
[19:29:21.7478505]>00:01:13.1300000]等下被你妈逮着要往死里怼
[19:29:21.7757752]>00:01:36]最让我记忆犹新 小霸王电脑学习机
[19:29:21.8106824]>00:01:38.9000000]骗家长我买来学习 她们天真加na-ive（哼）
[19:29:21.8336224]>00:01:42.6800000]后来不再去游戏厅 与同学三五成群
[19:29:21.8605500]>00:01:46.1100000]周末大战魂斗罗 和超级玛丽
[19:29:21.8904694]>00:01:49.2600000]慢慢网吧开始在 学校周边兴起
[19:29:21.9154032]>00:01:53.0900000]我们开始沉迷于 魔兽星际RPG
[19:29:21.9423325]>00:01:57.0700000]隔三差五还约定来比一比狙击
[19:29:21.9672654]>00:02:00.5200000]班里枪法谁才是第一（反~恐~精~英！）
[19:29:21.9961881]>00:02:04.9000000]鲁摸买~gio 鲁 堆湖绣加mue~（你妈叫你回家吃饭）
[19:29:22.0251108]>00:02:08.3800000]内阿妈~玩哦 ham 内 翻哦K（你妈找我喊你回家）
[19:29:22.0520406]>00:02:12.1300000]你个瓜娃子搞么四还不肥~诶（你个笨蛋怎么还不回家）
[19:29:22.0779719]>00:02:15.7600000]等下被你妈逮着要往死里怼
[19:29:22.1009088]>00:02:19.4900000]RAP：
[19:29:22.1348189]>00:02:19.6400000]YO~漫步在大街和小巷
[19:29:22.1577601]>00:02:20.9900000]街道的景象已不是儿时的模样
[19:29:22.1816950]>00:02:23.0400000]昨日手还搭在彼此的肩膀
[19:29:22.2056291]>00:02:24.7300000]今天为了生计都已各奔他乡
[19:29:22.2295683]>00:02:26.7700000]Everybody是否还记得CD机
[19:29:22.2574922]>00:02:28.3200000]有没有买过刘德华张学友陈奕迅
[19:29:22.2824255]>00:02:30.4100000]地表最强全国风靡各种港台明星
[19:29:22.3073935]>00:02:32.3600000]专辑买到我的钱包~ Empty
[19:29:22.3325606]>00:02:34.2500000]坐在同桌绑着马尾可爱的她
[19:29:22.3574948]>00:02:36.0900000]为何天天都要和我打架
[19:29:22.3844241]>00:02:37.7300000]还要固执地把三八线桌上一划
[19:29:22.4093562]>00:02:39.7200000]哎哟我的妈 服了！
[19:29:22.4442638]>00:02:41.4700000]从前为了初恋哭到天崩地裂
[19:29:22.4791710]>00:02:43.1700000]更被校门口小混混吓到叫娘喊爹
[19:29:22.5060994]>00:02:45.1100000]有过懵懂无知的青葱岁月
[19:29:22.5320286]>00:02:47]这才是8090后的青春——够味！
[19:29:22.5589579]>00:02:49.2100000]我们有过多少欢笑和眼泪
[19:29:22.5878824]>00:02:52.6100000]轻狂年少终究一去不复回
[19:29:22.6148100]>00:02:56.3900000]改不掉是体内沸腾着的热血
[19:29:22.6437314]>00:02:59.9800000]8090走过精彩我无悔
[19:29:22.6846222]>00:03:03.9600000]我们有过多少欢笑和眼泪
[19:29:22.7095560]>00:03:07.3600000]轻狂年少终究一去不复回
[19:29:22.7364849]>00:03:10.9900000]改不掉是体内沸腾着的热血
[19:29:22.7753802]>00:03:14.6700000]8090走过精彩我无悔
[19:31:14.1544573]> movingPosition = true;
[19:31:15.3936014]> movingPosition = false;
[19:31:17.7701918]> movingPosition = true;
[19:31:18.5821850]> movingPosition = false;
[19:31:40.2341038]> movingPosition = true;
[19:31:40.6320428]> movingPosition = false;
[19:31:42.2076221]> movingPosition = true;
[19:31:42.7481829]> movingPosition = false;
[19:31:43.4862170]> movingPosition = true;
[19:31:44.2050186]> movingPosition = false;
[19:32:39.4947219]>D:\Users\gaoxi\Music\lx\Breath and Life - Audiomachine.mp3
[19:32:39.5186576]>D:\Users\gaoxi\Music\lx\Breath and Life - Audiomachine.lrc=>False
[19:32:52.0760868]>D:\Users\gaoxi\Music\lx\高唐 - 音阙诗听、王梓钰.mp3
[19:32:52.1189719]>D:\Users\gaoxi\Music\lx\高唐 - 音阙诗听、王梓钰.lrc=>True
[19:32:52.1518840]>00:00:00] 作曲 : Narwhal 
[19:32:52.1917785]>00:00:01] 作词 : 冉语优
[19:32:52.2236922]>00:00:03.4580000]编曲混音：Narwhal
[19:32:52.2546100]>00:00:08.9690000]顾盼几缕眸光  氤氲出波光
[19:32:52.2915119]>00:00:13.6900000]飞去一眼当场  神痴魂也荡
[19:32:52.3224276]>00:00:18.7020000]三尺绕指柔   拂在谁心上
[19:32:52.3553423]>00:00:22.6170000]谁就已不觉   中了我的相思瘴
[19:32:52.3782813]>00:00:28.2350000]朝暮思日夜想  千百转穿柔肠
[19:32:52.4081999]>00:00:32.7340000]耐不住急不得  求良方
[19:32:52.4321400]>00:00:37.5020000]真如此倒不妨  先点了夜来香
[19:32:52.4550748]>00:00:42.0850000]再来与我对镜  贴蕊黄
[19:32:52.4820037]>00:00:48.9350000]自诩君子呀  少年郎
[19:32:52.5079038]>00:00:56.4180000]教你休轻瞧  小姑娘
[19:32:52.5288440]>00:01:05.3670000]惊鸿错入巫山  云雨误散高唐
[19:32:52.5497879]>00:01:10.6360000]顷刻便醉倒  温柔乡
[19:32:52.5737267]>00:01:14.7030000]越在人前危坐  生就楚楚模样
[19:32:52.5926773]>00:01:19.3150000]越是烛熄后  贪孟浪
[19:32:52.6255889]>00:01:24.5650000]多情窗前枕上  色授魂与一场
[19:32:52.6445361]>00:01:28.5340000]妙手一牵的刹那  回春光
[19:32:52.6684723]>00:01:33.3680000]欲解世间相思  想来应有验方
[19:32:52.6924090]>00:01:38.0180000]只是这软玉温香  谁敢尝
[19:32:52.7133551]>00:01:43.0690000]顾盼几缕眸光  氤氲出波光
[19:32:52.7362912]>00:01:46.7010000]飞去一眼当场  神痴魂也荡
[19:32:52.7562406]>00:01:51.8850000]三尺绕指柔  拂在谁心上
[19:32:52.7731947]>00:01:55.7520000]谁就已不觉  中了我的相思瘴
[19:32:52.7931390]>00:02:01.4010000]朝暮思日夜想  千百转穿柔肠
[19:32:52.8260528]>00:02:05.9350000]经不住少不得  求良方
[19:32:52.8469989]>00:02:10.6190000]真如此倒不妨  先换了绛衣裳
[19:32:52.8719301]>00:02:15.2720000]再来为我鬓间  插海棠
[19:32:52.8978649]>00:02:20.9200000]自诩风流呀  少年郎
[19:32:52.9227944]>00:02:29.6680000]教你休轻瞧  小姑娘
[19:32:52.9417441]>00:02:38.5690000]惊鸿错入巫山  云雨误散高唐
[19:32:52.9676741]>00:02:43.1870000]顷刻便醉倒  温柔乡
[19:32:52.9866251]>00:02:48.0020000]越在人前危坐  生就楚楚模样
[19:32:53.0095638]>00:02:52.9020000]越是掌灯前  贪孟浪
[19:32:53.0384861]>00:02:57.7020000]多情屏后枕上  色授魂与一场
[19:32:53.0574362]>00:03:01.9850000]妙手一牵的刹那  回春光
[19:32:53.0863598]>00:03:06.5530000]欲解世间相思  想来应有验方
[19:32:53.1132878]>00:03:11.1690000]只是这软玉温香  谁敢尝
[19:35:23.2580401]>正在初始化...
[19:35:33.9876743]>D:\Users\gaoxi\Music\lx\Breath and Life - Audiomachine.mp3
[19:35:43.1247068]>D:\Users\gaoxi\Music\lx\City - 羽肿.mp3
[19:35:51.5031622]>D:\Users\gaoxi\Music\lx\Fragments - 千坂.mp3
[19:35:56.9392259]>D:\Users\gaoxi\Music\lx\銀の龍の背に乗って - 佐藤聡美.mp3
[19:36:02.6658133]>D:\Users\gaoxi\Music\lx\时光游人 - 任然、赵登凯.mp3
[19:36:02.7296778]>00:00:00 作曲 : 赵登凯
[19:36:02.7595968]>00:00:00.1130000 作词 : 赵登凯
[19:36:02.7885203]>00:00:00.3400000制作人：朱鸽
[19:36:02.8184406]>00:00:00.9000000监制：刘乃铭@流水纪
[19:36:02.8493580]>00:00:01.3800000配唱制作人：朱鸽/殇小谨
[19:36:02.8802771]>00:00:02.3200000录音：浔浔
[19:36:02.9082005]>00:00:02.7800000混音：殇小谨
[19:36:02.9361253]>00:00:03.2000000和声编写：朱鸽
[19:36:02.9830023]>00:00:03.6600000和声：朱鸽/任然
[19:36:03.0129285]>00:00:04.0900000录音室：Hot Music Studio
[19:36:03.0478289]>00:00:04.5600000混音室：Hot Music Studio
[19:36:03.0907144]>00:00:05.0100000出品：梦童娱乐
[19:36:03.1136543]>00:00:07.1400000
[19:36:03.1405824]>00:00:19.3800000赵登凯：我 有思绪缓落漂泊
[19:36:03.1675100]>00:00:23.8300000默 心间无意的探索
[19:36:03.1944376]>00:00:27.4900000让世界荏苒着
[19:36:03.2193722]>00:00:29.4700000等时间记录着
[19:36:03.2433067]>00:00:31.7200000片刻思索 映画谁的轮廓
[19:36:03.2672433]>00:00:37.0400000任然：风 衬托着夜幕坠落
[19:36:03.2911804]>00:00:41.0600000雨 浅奏着轻声应和
[19:36:03.3131215]>00:00:44.9300000等时间记录了
[19:36:03.3370599]>00:00:46.9900000有画面在闪烁
[19:36:03.3629886]>00:00:49.2300000一缕思绪 停落半空中
[19:36:03.3978945]>00:00:52.8900000想说什么
[19:36:03.4218316]>00:00:58.0600000赵登凯：谁疑惑 岁月穿梭 不知为何 瞬间落寞
[19:36:03.4447694]>00:01:02.1800000我探索 时间神色 有心浮落 表达沉默
[19:36:03.4677230]>00:01:06.5400000就这样淡淡的
[19:36:03.4916451]>00:01:08.7100000被夜风扰乱了
[19:36:03.5135862]>00:01:10.9400000思绪偏颇 回眸谁人梦落
[19:36:03.5395171]>00:01:15.5400000任然：谁憧憬 白雪长河 林间叶落 就此洒脱
[19:36:03.5664464]>00:01:19.6400000我唤回 筱月青涩 拂袖别过 踟蹰的歌
[19:36:03.5883871]>00:01:24.2200000就这样幻想着
[19:36:03.6123238]>00:01:26.1200000就这样安稳的谁人执着
[19:36:03.6352620]>00:01:29.8900000叹别谁的青涩
[19:36:03.6681741]>00:01:32.3700000让时光沉落
[19:36:03.6901173]>00:01:51.2500000赵登凯：风 衬托着夜幕坠落
[19:36:03.7130564]>00:01:54.6300000任然：雨 浅奏着轻声应和
[19:36:03.7379885]>00:01:55.5900000
[19:36:03.7669142]>00:01:59.2200000赵登凯：等时间记录了
[19:36:03.7918565]>00:02:01.1400000有画面在闪烁
[19:36:03.8157820]>00:02:03.4000000任然：一缕思绪 停落半空中
[19:36:03.8397174]>00:02:07.1000000赵登凯/任然：想说什么
[19:36:03.8636549]>00:02:12.0700000赵登凯/任然：谁疑惑 岁月穿梭 不知为何 瞬间落寞
[19:36:03.8836085]>00:02:16.3600000我探索 时间神色 有心浮落 表达沉默
[19:36:03.9071104]>00:02:20.7700000就这样淡淡的
[19:36:03.9230687]>00:02:22.9400000被夜风扰乱了
[19:36:03.9430527]>00:02:25.1600000思绪偏颇 回眸谁人梦落
[19:36:03.9639924]>00:02:29.5800000谁憧憬 白雪长河 林间叶落 就此洒脱
[19:36:03.9839081]>00:02:33.8700000我唤回 筱月青涩 拂袖别过 踟蹰的歌
[19:36:04.0028548]>00:02:38.2700000就这样幻想着
[19:36:04.0208070]>00:02:40.3600000就这样安稳的谁人执着
[19:36:04.0377616]>00:02:43.9700000叹别谁的青涩
[19:36:04.0557138]>00:02:46.3600000让时光沉落
[19:37:41.7869681]>正在初始化...
[19:37:51.7715103]>D:\Users\gaoxi\Music\lx\1967 - ゴンチチ.mp3
[19:37:51.8143966]>D:\Users\gaoxi\Music\lx\1967 - ゴンチチ.lrc=>False
[19:37:57.6979864]>D:\Users\gaoxi\Music\lx\食色 - 音阙诗听、清弄.mp3
[19:37:57.7159386]>D:\Users\gaoxi\Music\lx\食色 - 音阙诗听、清弄.lrc=>True
[19:46:27.9554770]>正在初始化...
[19:46:31.5578722]> movingPosition = true;
[19:46:31.8760247]> movingPosition = false;
[19:46:32.7457052]> movingPosition = true;
[19:46:34.0901208]> movingPosition = false;
[19:46:34.9298815]> movingPosition = true;
[19:46:36.6313465]> movingPosition = false;
[19:46:38.6639279]> movingPosition = true;
[19:46:39.7739673]> movingPosition = false;
[19:46:45.2274309]> movingPosition = true;
[19:46:45.2872684]> movingPosition = false;
[19:46:46.1140643]> movingPosition = true;
[19:46:46.7463784]> movingPosition = false;
[19:46:47.8165251]>D:\Users\gaoxi\Music\lx\8090 - 赵方婧.mp3
[19:46:47.8454896]>D:\Users\gaoxi\Music\lx\8090 - 赵方婧.lrc=>True
[19:46:49.8270139]> movingPosition = true;
[19:46:49.8714055]> movingPosition = false;
[19:46:50.9455420]> movingPosition = true;
[19:46:56.2548568]> movingPosition = false;
[19:46:57.2473675]> movingPosition = true;
[19:46:59.2161186]> movingPosition = false;
[19:46:59.8254941]> movingPosition = true;
[19:47:00.7998965]> movingPosition = false;
[19:47:02.4530612]> movingPosition = true;
[19:47:03.2918248]> movingPosition = false;
[19:47:04.7542620]> movingPosition = true;
[19:47:06.6143279]> movingPosition = false;
[19:47:11.9990302]> movingPosition = true;
[19:47:24.6018641]> movingPosition = false;
[19:50:40.4717668]>正在初始化...
[19:50:44.1459723]> movingPosition = true;
[19:50:45.3966388]> movingPosition = false;
[19:50:52.4186601]>D:\Users\gaoxi\Music\lx\【亡国祸水】《四•国殇》 - 乐正绫、洛天依.mp3
[19:50:52.4505750]>D:\Users\gaoxi\Music\lx\【亡国祸水】《四•国殇》 - 乐正绫、洛天依.lrc=>False
[19:50:54.8347324]> movingPosition = true;
[19:50:55.5400037]> movingPosition = false;
[19:53:02.1046242]>正在初始化...
[19:53:04.0494395]> movingPosition = true;
[19:53:05.7279655]> movingPosition = false;
[19:53:34.5997653]>正在初始化...
[19:54:04.7947312]>正在初始化...
[19:54:07.6760496]> movingPosition = true;
[19:54:08.2036445]> movingPosition = false;
[19:54:08.6474589]> movingPosition = true;
[19:54:08.9935377]> movingPosition = false;
[19:54:14.3532473]> movingPosition = true;
[19:54:14.9875562]> movingPosition = false;
[19:54:16.1963330]>D:\Users\gaoxi\Music\lx\【亡国祸水】《四•国殇》 - 乐正绫、洛天依.mp3
[19:54:16.2362275]>D:\Users\gaoxi\Music\lx\【亡国祸水】《四•国殇》 - 乐正绫、洛天依.lrc=>False
[19:54:18.3255479]> movingPosition = true;
[19:54:18.6815869]> movingPosition = false;
[19:54:20.2477792]> movingPosition = true;
[19:54:20.5220499]> movingPosition = false;
[19:55:30.9657866]>正在初始化...
[19:55:33.3574120]> movingPosition = true;
[19:55:33.8800187]> movingPosition = false;
[19:55:34.1153895]> movingPosition = true;
[19:55:34.9212406]> movingPosition = false;
[19:55:35.4229033]> movingPosition = true;
[19:55:35.8976398]> movingPosition = false;
[19:55:54.9383616]>正在初始化...
[19:55:56.6060347]> movingPosition = true;
[19:55:57.7928671]> movingPosition = false;
[19:56:03.0947702]>D:\Users\gaoxi\Music\lx\8090 - 赵方婧.mp3
[19:56:03.1236938]>D:\Users\gaoxi\Music\lx\8090 - 赵方婧.lrc=>True
[19:56:09.8884834]> movingPosition = true;
[19:56:10.3309009]> movingPosition = false;
[19:56:10.9776455]> movingPosition = true;
[19:56:11.5032406]> movingPosition = false;
[19:56:14.1190614]> movingPosition = true;
[19:56:14.5078819]> movingPosition = false;
[19:56:15.4479181]> movingPosition = true;
[19:56:16.5691474]> movingPosition = false;
[19:56:19.6169178]> movingPosition = true;
[19:56:20.0691594]> movingPosition = false;
[19:56:23.0893857]> movingPosition = true;
[19:56:23.9052106]> movingPosition = false;
[19:56:24.7284856]> movingPosition = true;
[19:56:25.1913175]> movingPosition = false;
[19:56:28.4558695]> movingPosition = true;
[19:56:28.9261396]> movingPosition = false;
[19:56:31.9627995]> movingPosition = true;
[19:56:32.3054176]> movingPosition = false;
[19:56:36.3057671]> movingPosition = true;
[19:56:36.8313993]> movingPosition = false;
[19:58:39.5343879]>正在初始化...
[19:58:42.1414467]> movingPosition = true;
[19:58:43.2574744]> movingPosition = false;
[19:59:05.2169923]>正在初始化...
[19:59:16.9384105]>D:\Users\gaoxi\Music\lx\36.5℃ - 音阙诗听、李佳思.mp3
[19:59:16.9673333]>D:\Users\gaoxi\Music\lx\36.5℃ - 音阙诗听、李佳思.lrc=>True
[19:59:54.7007568]> movingPosition = true;
[19:59:55.5006296]> movingPosition = false;
[19:59:56.2816603]> movingPosition = true;
[19:59:57.2595932]> movingPosition = false;
[19:59:57.9255472]> movingPosition = true;
[19:59:58.5199617]> movingPosition = false;
[20:00:06.7936026]> movingPosition = true;
[20:00:06.8783757]> movingPosition = false;
[20:00:07.8573485]> movingPosition = true;
[20:00:07.9421226]> movingPosition = false;
[20:00:08.8176783]> movingPosition = true;
[20:00:08.8994618]> movingPosition = false;
[20:00:13.9430186]> movingPosition = true;
[20:00:15.0679086]> movingPosition = false;
[20:00:15.8283895]> movingPosition = true;
[20:00:16.5702931]> movingPosition = false;
[20:00:49.2405910]> movingPosition = true;
[20:00:49.7981069]> movingPosition = false;
[20:00:50.6104574]> movingPosition = true;
[20:00:51.1814407]> movingPosition = false;
[20:00:52.0038026]> movingPosition = true;
[20:00:52.5782731]> movingPosition = false;
[20:00:59.8337152]> movingPosition = true;
[20:01:00.6764715]> movingPosition = false;
[20:10:27.3502775]>正在初始化...
[20:12:36.4977961]>正在初始化...
[20:12:45.5273572]>D:\Users\gaoxi\Music\lx\1967 - ゴンチチ.mp3
[20:12:45.5742325]>D:\Users\gaoxi\Music\lx\1967 - ゴンチチ.lrc=>False
[20:20:02.0359807]>正在初始化...
[20:20:15.4364809]>D:\Users\gaoxi\Music\lx\8090 - 赵方婧.mp3
[20:20:15.4634090]>D:\Users\gaoxi\Music\lx\8090 - 赵方婧.lrc=>True
[20:30:45.1302506]>正在初始化...
[20:31:13.0159677]>D:\Users\gaoxi\Music\lx\36.5℃ - 音阙诗听、李佳思.mp3
[20:31:13.0428940]>D:\Users\gaoxi\Music\lx\36.5℃ - 音阙诗听、李佳思.lrc=>True
[20:36:42.2423763]>正在初始化...
[20:36:56.8864682]>D:\Users\gaoxi\Music\lx\【亡国祸水】《四•国殇》 - 乐正绫、洛天依.mp3
[20:36:56.9163873]>D:\Users\gaoxi\Music\lx\【亡国祸水】《四•国殇》 - 乐正绫、洛天依.lrc=>False
[20:37:02.4925705]>D:\Users\gaoxi\Music\lx\8090 - 赵方婧.mp3
[20:37:02.5224900]>D:\Users\gaoxi\Music\lx\8090 - 赵方婧.lrc=>True
[20:45:25.8778332]>正在初始化...
[20:45:44.9076789]>正在初始化...
[20:45:59.9342384]>D:\Users\gaoxi\Music\lx\City - 羽肿.mp3
[20:45:59.9801159]>D:\Users\gaoxi\Music\lx\City - 羽肿.lrc=>False
[20:46:07.2271322]>D:\Users\gaoxi\Music\lx\TheStar - 音阙诗听、李佳思.mp3
[20:46:07.2520656]>D:\Users\gaoxi\Music\lx\TheStar - 音阙诗听、李佳思.lrc=>True
[21:09:03.6100831]>正在初始化...
[21:22:05.9622396]>正在初始化...
[21:25:14.6374960]>正在初始化...
[21:26:49.0678501]>正在初始化...
[21:28:04.5549312]>正在初始化...
[21:29:12.8331573]>正在初始化...
[21:29:47.8943966]>正在初始化...
[21:31:28.8346681]>正在初始化...
[21:33:10.0302604]>正在初始化...
[21:33:46.8732346]>D:\Users\gaoxi\Music\lx\36.5℃ - 音阙诗听、李佳思.mp3
[21:33:46.8981680]>D:\Users\gaoxi\Music\lx\36.5℃ - 音阙诗听、李佳思.lrc=>True
[21:37:21.7805777]>正在初始化...
[21:42:30.7770521]>正在初始化...
[21:46:00.3228834]>正在初始化...
[21:47:05.8696073]>正在初始化...
[21:48:55.7195422]>正在初始化...
[21:51:08.5909246]>正在初始化...
[21:53:44.8385613]>正在初始化...
[21:54:37.0882670]>正在初始化...
[22:05:59.7318637]>正在初始化...
[22:07:03.6994837]>正在初始化...
[22:08:21.9043271]>正在初始化...
[22:09:25.2961003]>正在初始化...
[22:14:31.5795472]>正在初始化...
[22:14:58.4355353]>D:\Users\gaoxi\Music\lx\fallen down - 早見沙織.mp3
[22:14:58.4584705]>D:\Users\gaoxi\Music\lx\fallen down - 早見沙織.lrc=>False
[22:15:06.2582464]>D:\Users\gaoxi\Music\Morin\BLISS - Ken Arai.mp3
[22:15:06.2791874]>D:\Users\gaoxi\Music\Morin\BLISS - Ken Arai.lrc=>False
[22:15:14.6000133]>D:\Users\gaoxi\Music\Morin\临安初雨(纯音乐) - 小旭音乐.mp3
[22:15:14.6244594]>D:\Users\gaoxi\Music\Morin\临安初雨(纯音乐) - 小旭音乐.lrc=>False
[22:15:19.1848190]>D:\Users\gaoxi\Music\Morin\風に舞う木の葉と神の社 - みかん箱 , Foxtail-Grass Studio.mp3
[22:15:19.2127446]>D:\Users\gaoxi\Music\Morin\風に舞う木の葉と神の社 - みかん箱 , Foxtail-Grass Studio.lrc=>False
[22:15:32.5266469]>D:\Users\gaoxi\Music\lx\listen - 音阙诗听、照寒.mp3
[22:15:32.5506155]>D:\Users\gaoxi\Music\lx\listen - 音阙诗听、照寒.lrc=>True
[22:22:21.8034153]>正在初始化...
[22:22:28.9783484]>D:\Users\gaoxi\Music\lx\【亡国祸水】《四•国殇》 - 乐正绫、洛天依.mp3
[22:22:29.0451697]>D:\Users\gaoxi\Music\lx\【亡国祸水】《四•国殇》 - 乐正绫、洛天依.lrc=>False
[22:22:32.5660896]> movingPosition = true;
[22:22:33.5320656]> movingPosition = false;
[22:22:34.1324661]> movingPosition = true;
[22:22:34.6525902]> movingPosition = false;
[22:22:35.2734385]> movingPosition = true;
[22:22:35.7606522]> movingPosition = false;
[22:22:36.4508131]> movingPosition = true;
[22:22:36.9952941]> movingPosition = false;
[22:22:37.3463577]> movingPosition = true;
[22:22:37.8007831]> movingPosition = false;
[22:22:39.6980899]> movingPosition = true;
[22:22:40.1898209]> movingPosition = false;
[22:22:41.2110985]> movingPosition = true;
[22:22:41.5870976]> movingPosition = false;
[22:25:05.8037724]>正在初始化...
[22:25:10.9061759]> movingPosition = true;
[22:25:11.3928789]> movingPosition = false;
[22:25:16.2354874]>D:\Users\gaoxi\Music\lx\2018绝地求生PGI赛季大厅BGM(PUBG's Main Theme Sanhok July - 凌冬冷月、PUBG、绝地求生.mp3
[22:25:16.2604212]>D:\Users\gaoxi\Music\lx\2018绝地求生PGI赛季大厅BGM(PUBG's Main Theme Sanhok July - 凌冬冷月、PUBG、绝地求生.lrc=>False
[22:25:25.3354192]> movingPosition = true;
[22:25:25.8415784]> movingPosition = false;
[22:25:27.8197661]> movingPosition = true;
[22:25:28.3383837]> movingPosition = false;
[23:31:51.7897872]>正在初始化...
[23:36:54.1728867]>正在初始化...
[23:37:05.6473542]>正在初始化...
[23:37:16.3369084]>D:\Users\gaoxi\Music\lx\36.5℃ - 音阙诗听、李佳思.mp3
[23:37:16.3628399]>36.5℃ - 音阙诗听、李佳思.lrc=>False
[23:37:18.6947648]>0.160844712607177
[23:37:36.4459693]>正在初始化...
[23:37:49.3178712]>D:\Users\gaoxi\Music\lx\36.5℃ - 音阙诗听、李佳思.mp3
[23:37:49.3467953]>36.5℃ - 音阙诗听、李佳思.lrc=>False
[23:39:41.6134585]>正在初始化...
[23:39:52.9607193]>D:\Users\gaoxi\Music\lx\36.5℃ - 音阙诗听、李佳思.mp3
[23:39:52.9916372]>36.5℃ - 音阙诗听、李佳思.lrc=>False
[23:40:13.5083744]>D:\Users\gaoxi\Music\lx\ - Cutei、smile丶轩.mp3
[23:40:13.5323107]> - Cutei、smile丶轩.lrc=>False
[23:40:18.6992088]>D:\Users\gaoxi\Music\lx\食色 - 音阙诗听、清弄.mp3
[23:40:18.7350629]>食色 - 音阙诗听、清弄.lrc=>False
[23:40:49.9730778]>D:\Users\gaoxi\Music\lx\默爱 - 音阙诗听、王梓钰.mp3
[23:40:49.9990100]>默爱 - 音阙诗听、王梓钰.lrc=>False
[23:42:41.9618717]>正在初始化...
[23:42:52.5875924]>D:\Users\gaoxi\Music\lx\青春不打烊（JOKER 2018Mix ） - 王梓钰、音阙诗听.mp3
[23:42:52.6204973]>D:\Users\gaoxi\Music\lx青春不打烊（JOKER 2018Mix ） - 王梓钰、音阙诗听.lrc=>False
[23:43:19.0697795]>正在初始化...
[23:43:28.3182508]>D:\Users\gaoxi\Music\lx\音阙诗听（一周年团歌） - 音阙诗听.mp3
[23:43:28.3461761]>D:\Users\gaoxi\Music\lx\音阙诗听（一周年团歌） - 音阙诗听.lrc=>True
[23:45:19.3298610]>D:\Users\gaoxi\Music\lx\青石巷 - 魏琮霏.mp3
[23:45:19.3508050]>D:\Users\gaoxi\Music\lx\青石巷 - 魏琮霏.lrc=>False
[23:45:31.4817586]>D:\Users\gaoxi\Music\lx\霜降 ( joker remix) - 音阙诗听、赵方婧.mp3
[23:45:31.5036998]>D:\Users\gaoxi\Music\lx\霜降 ( joker remix) - 音阙诗听、赵方婧.lrc=>True
[23:46:06.4734351]>正在初始化...
[23:46:15.0017318]>D:\Users\gaoxi\Music\lx\青石巷 - 魏琮霏.mp3
[23:46:15.0456145]>D:\Users\gaoxi\Music\lx\青石巷 - 魏琮霏.lrc=>False
[23:46:20.5385392]>D:\Users\gaoxi\Music\lx\風に舞う木の葉と神の社 - みかん箱、Foxtail-Grass Studio.mp3
[23:46:20.5554948]>D:\Users\gaoxi\Music\lx\風に舞う木の葉と神の社 - みかん箱、Foxtail-Grass Studio.lrc=>False
[23:46:25.8340230]>D:\Users\gaoxi\Music\lx\默爱 - 音阙诗听、王梓钰.mp3
[23:46:25.8639429]>D:\Users\gaoxi\Music\lx\默爱 - 音阙诗听、王梓钰.lrc=>True
[23:46:37.5382901]>D:\Users\gaoxi\Music\lx\高唐 - 音阙诗听、王梓钰.mp3
[23:46:37.5801837]>D:\Users\gaoxi\Music\lx\高唐 - 音阙诗听、王梓钰.lrc=>True
[23:49:04.9929155]>正在初始化...
[23:49:42.8142267]>正在初始化...
[23:49:51.5923694]>D:\Users\gaoxi\Music\lx\食色 - 音阙诗听、清弄.mp3
[23:49:51.6182995]>D:\Users\gaoxi\Music\lx\食色 - 音阙诗听、清弄.lrc=>True
[23:50:15.9016986]> movingPosition = true;
[23:50:16.2408018]> movingPosition = false;
[23:53:38.3990714]>正在初始化...
[23:53:49.3099781]>D:\Users\gaoxi\Music\lx\音阙诗听（一周年团歌） - 音阙诗听.mp3
[23:53:49.3481080]>D:\Users\gaoxi\Music\lx\音阙诗听（一周年团歌） - 音阙诗听.lrc=>True
[23:54:17.5035368]> movingPosition = true;
[23:54:17.7708257]> movingPosition = false;
[23:56:02.2934452]>D:\Users\gaoxi\Music\lx\青石巷 - 魏琮霏.mp3
[23:56:02.3143892]>D:\Users\gaoxi\Music\lx\青石巷 - 魏琮霏.lrc=>False
[23:56:12.8167205]>D:\Users\gaoxi\Music\lx\长街宴 - 音阙诗听、张栩赫.mp3
[23:56:12.8346735]>D:\Users\gaoxi\Music\lx\长街宴 - 音阙诗听、张栩赫.lrc=>True
[00:04:58.9208532]>正在初始化...
[00:05:17.0137233]>正在初始化...
[00:05:25.6547487]>D:\Users\gaoxi\Music\lx\金子陵 - 霹雳布袋戏.mp3
[00:05:25.6946435]>D:\Users\gaoxi\Music\lx\金子陵 - 霹雳布袋戏.lrc=>False
[00:05:30.3743166]>D:\Users\gaoxi\Music\lx\谷雨 - 音阙诗听、赵方婧.mp3
[00:05:30.3962591]>D:\Users\gaoxi\Music\lx\谷雨 - 音阙诗听、赵方婧.lrc=>True
[00:05:35.3042142]>0
[00:05:37.3930522]>0.118132740552556
[00:05:40.8469274]>0.0724039377580186
[00:23:44.9169459]>正在初始化...
[00:23:53.4912505]>D:\Users\gaoxi\Music\lx\音阙诗听（一周年团歌） - 音阙诗听.mp3
[00:23:53.5181785]>D:\Users\gaoxi\Music\lx\音阙诗听（一周年团歌） - 音阙诗听.lrc=>True
[00:24:32.0697602]> movingPosition = true;
[00:24:32.3998793]> movingPosition = false;
[00:24:40.4581088]> movingPosition = true;
[00:24:40.7986190]> movingPosition = false;
[00:29:55.9648218]>正在初始化...
[00:32:19.4532566]>正在初始化...
[00:36:09.5704486]>正在初始化...
[00:43:45.1857749]>正在初始化...
[00:44:01.5341204]>正在初始化...
[00:44:38.8969502]>正在初始化...
[00:45:32.1515967]>正在初始化...
[00:45:56.9108661]>D:\Users\gaoxi\Music\lx\風の住む街 - 磯村由紀子.mp3
[00:45:56.9377934]>D:\Users\gaoxi\Music\lx\風の住む街 - 磯村由紀子.lrc=>False
[00:46:39.5648596]>正在初始化...
[00:49:05.7731794]>正在初始化...
[00:50:25.5643651]>正在初始化...
[00:50:38.3044702]>D:\Users\gaoxi\Music\lx\風の住む街 - 磯村由紀子.mp3
[00:50:38.3274102]>D:\Users\gaoxi\Music\lx\風の住む街 - 磯村由紀子.lrc=>False
[00:57:22.3733968]>正在初始化...
[00:57:32.8634644]>D:\Users\gaoxi\Music\lx\音阙诗听（一周年团歌） - 音阙诗听.mp3
[00:57:32.8973741]>D:\Users\gaoxi\Music\lx\音阙诗听（一周年团歌） - 音阙诗听.lrc=>True
[01:00:46.6273785]>正在初始化...
[01:01:06.8148439]>D:\Users\gaoxi\Music\lx\花间游 - 逆时针向、忘乡.mp3
[01:01:06.8457613]>D:\Users\gaoxi\Music\lx\花间游 - 逆时针向、忘乡.lrc=>False
[01:01:15.8891670]>D:\Users\gaoxi\Music\lx\青石巷 - 魏琮霏.mp3
[01:01:15.9081168]>D:\Users\gaoxi\Music\lx\青石巷 - 魏琮霏.lrc=>False
[01:01:19.1290805]>D:\Users\gaoxi\Music\lx\風に舞う木の葉と神の社 - みかん箱、Foxtail-Grass Studio.mp3
[01:01:19.1570040]>D:\Users\gaoxi\Music\lx\風に舞う木の葉と神の社 - みかん箱、Foxtail-Grass Studio.lrc=>False
[01:01:22.1197829]>D:\Users\gaoxi\Music\lx\霜降 (王柏鸿 remix) - 音阙诗听、赵方婧.mp3
[01:01:22.1465843]>D:\Users\gaoxi\Music\lx\霜降 (王柏鸿 remix) - 音阙诗听、赵方婧.lrc=>True
[01:01:28.7160383]>D:\Users\gaoxi\Music\lx\青石巷 - 魏琮霏.mp3
[01:01:28.7379786]>D:\Users\gaoxi\Music\lx\青石巷 - 魏琮霏.lrc=>False
[01:01:39.7844913]>D:\Users\gaoxi\Music\lx\食色 - 音阙诗听、清弄.mp3
[01:01:39.8134145]>D:\Users\gaoxi\Music\lx\食色 - 音阙诗听、清弄.lrc=>True
[01:20:52.9975793]>正在初始化...
[01:24:22.9848053]>正在初始化...
[01:42:49.7685483]>正在初始化...
[01:43:57.9142435]>正在初始化...
[01:54:20.4585720]>D:\Users\gaoxi\Music\lx\風の住む街 - 磯村由紀子.mp3
[01:54:20.4894903]>D:\Users\gaoxi\Music\lx\風の住む街 - 磯村由紀子.lrc=>False
[01:54:33.7235233]>D:\Users\gaoxi\Music\lx\音阙诗听（一周年团歌） - 音阙诗听.mp3
[01:54:33.7684041]>D:\Users\gaoxi\Music\lx\音阙诗听（一周年团歌） - 音阙诗听.lrc=>True
[01:54:43.3720681]> movingPosition = true;
[01:54:43.7321101]> movingPosition = false;
[02:03:55.9705028]>正在初始化...
[02:04:15.7805651]>D:\Users\gaoxi\Music\lx\音阙诗听（一周年团歌） - 音阙诗听.mp3
[02:04:15.8194600]>D:\Users\gaoxi\Music\lx\音阙诗听（一周年团歌） - 音阙诗听.lrc=>True
[02:06:03.9237685]>正在初始化...
[02:06:19.6648700]>D:\Users\gaoxi\Music\lx\音阙诗听（一周年团歌） - 音阙诗听.mp3
[02:06:19.6962986]>D:\Users\gaoxi\Music\lx\音阙诗听（一周年团歌） - 音阙诗听.lrc=>True
[02:13:25.8463494]>正在初始化...
[02:13:45.1809488]>D:\Users\gaoxi\Music\lx\託された想い - 増田俊郎.mp3
[02:13:45.2387967]>D:\Users\gaoxi\Music\lx\託された想い - 増田俊郎.lrc=>False
[02:13:52.1584200]>D:\Users\gaoxi\Music\lx\问命笺 (伴奏) - 音阙诗听、昆玉.mp3
[02:13:52.1848605]>D:\Users\gaoxi\Music\lx\问命笺 (伴奏) - 音阙诗听、昆玉.lrc=>False
[02:14:02.3959740]>D:\Users\gaoxi\Music\lx\起风了 - 买辣椒也用券.mp3
[02:14:02.4268903]>D:\Users\gaoxi\Music\lx\起风了 - 买辣椒也用券.lrc=>False
[02:14:09.7395425]>D:\Users\gaoxi\Music\lx\问命笺 - 音阙诗听、昆玉.mp3
[02:14:09.7684649]>D:\Users\gaoxi\Music\lx\问命笺 - 音阙诗听、昆玉.lrc=>True
[02:14:33.9660068]> movingPosition = true;
[02:14:34.2851581]> movingPosition = false;
[02:16:15.5921765]>正在初始化...
[02:16:29.9456152]>D:\Users\gaoxi\Music\lx\音阙诗听（一周年团歌） - 音阙诗听.mp3
[02:16:30.0254013]>D:\Users\gaoxi\Music\lx\音阙诗听（一周年团歌） - 音阙诗听.lrc=>True
[02:16:35.8145366]> movingPosition = true;
[02:16:36.9943972]> movingPosition = false;
[02:17:07.6271338]> movingPosition = true;
[02:17:07.9971496]> movingPosition = false;
[02:17:17.6308813]> movingPosition = true;
[02:17:18.0053392]> movingPosition = false;
[02:18:55.3039530]>正在初始化...
[02:19:05.4705031]>D:\Users\gaoxi\Music\lx\音阙诗听（一周年团歌） - 音阙诗听.mp3
[02:19:05.4984250]>D:\Users\gaoxi\Music\lx\音阙诗听（一周年团歌） - 音阙诗听.lrc=>True
[02:19:10.8112969]> movingPosition = true;
[02:19:11.0770996]> movingPosition = false;
[02:24:45.2355420]>正在初始化...
[02:24:54.5518081]>D:\Users\gaoxi\Music\lx\音阙诗听（一周年团歌） - 音阙诗听.mp3
[02:24:54.5932018]>D:\Users\gaoxi\Music\lx\音阙诗听（一周年团歌） - 音阙诗听.lrc=>True
[02:24:58.3701786]> movingPosition = true;
[02:24:58.6688965]> movingPosition = false;
[02:25:01.2206217]> movingPosition = true;
[02:25:01.4759427]> movingPosition = false;
[02:26:57.2626059]>正在初始化...
[02:27:08.0060816]>D:\Users\gaoxi\Music\lx\音阙诗听（一周年团歌） - 音阙诗听.mp3
[02:27:08.0399931]>D:\Users\gaoxi\Music\lx\音阙诗听（一周年团歌） - 音阙诗听.lrc=>True
[02:27:11.2853334]> movingPosition = true;
[02:27:11.6034863]> movingPosition = false;
[02:27:16.8838825]> movingPosition = true;
[02:27:18.5618806]> movingPosition = false;
[02:28:04.6935796]>正在初始化...
[02:28:15.8430781]>D:\Users\gaoxi\Music\lx\音阙诗听（一周年团歌） - 音阙诗听.mp3
[02:28:15.8909503]>D:\Users\gaoxi\Music\lx\音阙诗听（一周年团歌） - 音阙诗听.lrc=>True
[02:28:20.5215156]> movingPosition = true;
[02:28:20.8835540]> movingPosition = false;
[02:28:22.8845536]> movingPosition = true;
[02:28:23.2186654]> movingPosition = false;
[02:32:13.6938252]>正在初始化...
[02:32:23.5995415]>D:\Users\gaoxi\Music\lx\音阙诗听（一周年团歌） - 音阙诗听.mp3
[02:32:23.6474209]>D:\Users\gaoxi\Music\lx\音阙诗听（一周年团歌） - 音阙诗听.lrc=>True
[02:32:29.8538692]> movingPosition = true;
[02:32:30.2298657]> movingPosition = false;
[02:32:55.8133009]> movingPosition = true;
[02:32:56.0397281]> movingPosition = false;
[02:34:50.8172497]>正在初始化...
[02:35:04.6085280]>D:\Users\gaoxi\Music\lx\青石巷 - 魏琮霏.mp3
[02:35:04.6573977]>D:\Users\gaoxi\Music\lx\青石巷 - 魏琮霏.lrc=>False
[02:35:09.9698214]>D:\Users\gaoxi\Music\lx\识君前 - 音阙诗听、昆玉.mp3
[02:35:10.0007389]>D:\Users\gaoxi\Music\lx\识君前 - 音阙诗听、昆玉.lrc=>True
[02:36:50.3319579]> movingPosition = true;
[02:36:50.8949982]> movingPosition = false;
[02:37:22.6258048]> movingPosition = true;
[02:37:23.2048517]> movingPosition = false;
[02:38:19.9958347]> movingPosition = true;
[02:38:20.3578705]> movingPosition = false;
[02:38:23.6367396]> movingPosition = true;
[02:38:23.9389360]> movingPosition = false;
[02:38:29.3643961]> movingPosition = true;
[02:38:29.6506324]> movingPosition = false;
[02:41:17.0099665]> movingPosition = true;
[02:41:17.4902599]> movingPosition = false;
[02:41:18.0547547]> movingPosition = true;
[02:41:18.8915601]> movingPosition = false;
[02:41:21.6236706]> movingPosition = true;
[02:41:21.9984268]> movingPosition = false;
[02:42:50.6767750]> movingPosition = true;
[02:42:51.0727440]> movingPosition = false;
[02:42:51.7102124]> movingPosition = true;
[02:42:52.5746525]> movingPosition = false;
[03:12:03.7906981]>正在初始化...
[03:12:14.2962491]>D:\Users\gaoxi\Music\lx\音阙诗听（一周年团歌） - 音阙诗听.mp3
[03:12:14.3301589]>D:\Users\gaoxi\Music\lx\音阙诗听（一周年团歌） - 音阙诗听.lrc=>True
[03:12:16.5777377]> movingPosition = true;
[03:12:16.9986187]> movingPosition = false;
[03:12:19.3493608]> movingPosition = true;
[03:12:19.6794815]> movingPosition = false;
[03:14:21.2611571]>正在初始化...
[03:14:32.1791192]>D:\Users\gaoxi\Music\lx\音阙诗听（一周年团歌） - 音阙诗听.mp3
[03:14:32.2220057]>D:\Users\gaoxi\Music\lx\音阙诗听（一周年团歌） - 音阙诗听.lrc=>True
[03:14:35.6937886]> movingPosition = true;
[03:14:36.0324004]> movingPosition = false;
[03:16:35.2472933]> movingPosition = true;
[03:16:35.8287466]> movingPosition = false;
[03:19:00.6120780]> movingPosition = true;
[03:19:01.2819373]> movingPosition = false;
[03:19:03.7143640]> movingPosition = true;
[03:19:04.0414937]> movingPosition = false;
[03:20:03.8477540]> movingPosition = true;
[03:20:04.2786075]> movingPosition = false;
[03:20:04.3214940]> movingPosition = true;
[03:20:04.3603907]> movingPosition = false;
[03:20:05.1014713]> movingPosition = true;
[03:20:05.6709570]> movingPosition = false;
[03:21:00.0727551]>正在初始化...
[03:21:12.7599784]> movingPosition = true;
[03:21:12.8906316]> movingPosition = false;
[03:21:17.6121038]>D:\Users\gaoxi\Music\lx\音阙诗听（一周年团歌） - 音阙诗听.mp3
[03:21:17.6450164]>D:\Users\gaoxi\Music\lx\音阙诗听（一周年团歌） - 音阙诗听.lrc=>True
[03:21:21.5217198]> movingPosition = true;
[03:21:21.8852649]> movingPosition = false;
[03:22:49.5129667]>正在初始化...
[03:22:58.0086404]>D:\Users\gaoxi\Music\lx\音阙诗听（一周年团歌） - 音阙诗听.mp3
[03:22:58.0455386]>D:\Users\gaoxi\Music\lx\音阙诗听（一周年团歌） - 音阙诗听.lrc=>True
[03:23:02.0623567]> movingPosition = true;
[03:23:02.4032715]> movingPosition = false;
[03:23:38.5782969]> movingPosition = true;
[03:23:38.9645111]> movingPosition = false;
[13:58:28.2175463]>正在初始化...
[13:58:41.9418547]>D:\Users\gaoxi\Music\lx\音阙诗听（一周年团歌） - 音阙诗听.mp3
[13:58:41.9697796]>D:\Users\gaoxi\Music\lx\音阙诗听（一周年团歌） - 音阙诗听.lrc=>True
[13:58:55.8037661]> movingPosition = true;
[13:58:56.1018560]> movingPosition = false;
[14:00:54.2045227]>D:\Users\gaoxi\Music\lx\【亡国祸水】《四•国殇》 - 乐正绫、洛天依.mp3
[14:00:54.2284587]>D:\Users\gaoxi\Music\lx\【亡国祸水】《四•国殇》 - 乐正绫、洛天依.lrc=>False
[14:01:02.7872400]>D:\Users\gaoxi\Music\lx\“笼のなか” - 増田俊郎.mp3
[14:01:02.8321202]>D:\Users\gaoxi\Music\lx\“笼のなか” - 増田俊郎.lrc=>False
[14:01:05.3986173]>写入配置:desktopDir=()<=""
[14:01:10.9235976]>D:\Users\gaoxi\Music\lx\1967 - ゴンチチ.mp3
[14:01:10.9520345]>D:\Users\gaoxi\Music\lx\1967 - ゴンチチ.lrc=>False
[14:01:21.2587069]>D:\Users\gaoxi\Music\lx\City - 羽肿.mp3
[14:01:21.2786523]>D:\Users\gaoxi\Music\lx\City - 羽肿.lrc=>False
[14:01:29.5236832]>D:\Users\gaoxi\Music\lx\夏の喚く - 邱有句.mp3
[14:01:29.5586306]>D:\Users\gaoxi\Music\lx\夏の喚く - 邱有句.lrc=>False
[14:01:42.2501227]>D:\Users\gaoxi\Music\lx\同月同日生 - 音阙诗听、昆玉、常柏松.mp3
[14:01:42.2790469]>D:\Users\gaoxi\Music\lx\同月同日生 - 音阙诗听、昆玉、常柏松.lrc=>True
[14:03:52.9489250]> movingPosition = true;
[14:03:53.3629992]> movingPosition = false;
[14:07:35.8711069]>正在初始化...
[14:07:51.1433276]>D:\Users\gaoxi\Music\lx\一眼旧梦 - 排骨教主.mp3
[14:07:51.1712534]>D:\Users\gaoxi\Music\lx\一眼旧梦 - 排骨教主.lrc=>True
[14:11:14.8187604]> movingPosition = true;
[14:11:15.2415655]> movingPosition = false;
[14:11:15.8202350]> movingPosition = true;
[14:11:16.2730249]> movingPosition = false;
[14:11:49.5229092]> movingPosition = true;
[14:11:50.1931175]> movingPosition = false;
[14:11:55.9600264]> movingPosition = true;
[14:11:56.4168697]> movingPosition = false;
[14:12:01.1692374]> movingPosition = true;
[14:12:01.6230257]> movingPosition = false;
[14:12:26.0398575]> movingPosition = true;
[14:12:26.4677207]> movingPosition = false;
[14:12:27.8969232]> movingPosition = true;
[14:12:28.3028362]> movingPosition = false;
[15:30:43.7162192]>正在初始化...
[15:38:44.5167682]>D:\Users\gaoxi\Music\lx\音阙诗听（一周年团歌） - 音阙诗听.mp3
[15:38:44.5436977]>D:\Users\gaoxi\Music\lx\音阙诗听（一周年团歌） - 音阙诗听.lrc=>True
[15:38:55.5421583]> movingPosition = true;
[15:38:55.8742510]> movingPosition = false;
[15:39:00.0477508]> movingPosition = true;
[15:39:00.5113453]> movingPosition = false;
[15:41:04.4524507]> movingPosition = true;
[15:41:04.9551091]> movingPosition = false;
[15:41:05.7419041]> movingPosition = true;
[15:41:06.2849601]> movingPosition = false;
[15:41:12.5757306]> movingPosition = true;
[15:41:13.0519509]> movingPosition = false;
[15:41:18.3486201]> movingPosition = true;
[15:41:18.7954550]> movingPosition = false;
[15:41:21.7243527]> movingPosition = true;
[15:41:22.2851184]> movingPosition = false;
[15:41:25.9698060]> movingPosition = true;
[15:41:26.6415222]> movingPosition = false;
[15:41:31.5959443]> movingPosition = true;
[15:41:32.0699533]> movingPosition = false;
[15:41:34.4964192]> movingPosition = true;
[15:41:36.1196011]> movingPosition = false;
[15:49:39.4154463]>正在初始化...
[16:14:37.0299486]>正在初始化...
[16:14:49.9601740]>D:\Users\gaoxi\Music\lx\霜降 (Morri3on喬凡三 remix) - 音阙诗听、赵方婧.mp3
[16:14:49.9930854]>D:\Users\gaoxi\Music\lx\霜降 (Morri3on喬凡三 remix) - 音阙诗听、赵方婧.lrc=>True
[16:15:52.3197044]> movingPosition = true;
[16:15:52.6039678]> movingPosition = false;
[16:15:55.2475188]> movingPosition = true;
[16:15:55.7428666]> movingPosition = false;
[16:16:00.1280734]> movingPosition = true;
[16:16:01.6609492]> movingPosition = false;
[16:16:04.6082157]> movingPosition = true;
[16:16:04.9572872]> movingPosition = false;
[16:16:07.3795393]> movingPosition = true;
[16:16:07.6966906]> movingPosition = false;
[16:16:09.1063177]> movingPosition = true;
[16:16:09.3892912]> movingPosition = false;
[16:16:11.7733528]> movingPosition = true;
[16:16:13.4342606]> movingPosition = false;
[16:16:15.7643890]> movingPosition = true;
[16:16:16.1324054]> movingPosition = false;
[16:16:41.9087257]> movingPosition = true;
[16:16:42.3086559]> movingPosition = false;
[16:16:44.2304666]> movingPosition = true;
[16:16:45.5040813]> movingPosition = false;
[16:16:51.0221619]> movingPosition = true;
[16:16:51.4125757]> movingPosition = false;
[16:16:52.9563025]> movingPosition = true;
[16:16:53.3236724]> movingPosition = false;
[16:16:55.8853644]> movingPosition = true;
[16:16:56.2480833]> movingPosition = false;
[16:17:01.6253020]> movingPosition = true;
[16:17:01.8692236]> movingPosition = false;
[16:17:02.1214110]> movingPosition = true;
[16:17:02.4532921]> movingPosition = false;
[16:21:44.1442420]> movingPosition = true;
[16:21:44.5292128]> movingPosition = false;
[16:22:02.0373384]> movingPosition = true;
[16:22:02.7703777]> movingPosition = false;
[16:22:07.9056115]>D:\Users\gaoxi\Music\lx\fallen down - 早見沙織.mp3
[16:22:07.9315438]>D:\Users\gaoxi\Music\lx\fallen down - 早見沙織.lrc=>False
[16:22:23.2595244]>D:\Users\gaoxi\Music\lx\冬至 - 音阙诗听、王梓钰.mp3
[16:22:23.2884460]>D:\Users\gaoxi\Music\lx\冬至 - 音阙诗听、王梓钰.lrc=>True
[16:23:29.7603945]>D:\Users\gaoxi\Music\lx\【亡国祸水】《四•国殇》 - 乐正绫、洛天依.mp3
[16:23:29.8042794]>D:\Users\gaoxi\Music\lx\【亡国祸水】《四•国殇》 - 乐正绫、洛天依.lrc=>False
[16:25:38.6844474]>D:\Users\gaoxi\Music\lx\青春不打烊（JOKER 2018Mix ） - 王梓钰、音阙诗听.mp3
[16:25:38.7083826]>D:\Users\gaoxi\Music\lx\青春不打烊（JOKER 2018Mix ） - 王梓钰、音阙诗听.lrc=>True
[16:25:47.9128482]> movingPosition = true;
[16:25:48.4147475]> movingPosition = false;
[16:25:49.2236344]> movingPosition = true;
[16:25:49.7353957]> movingPosition = false;
[16:26:03.2181850]> movingPosition = true;
[16:26:03.5613719]> movingPosition = false;
[16:26:45.2766759]>写入配置:desktopDir=()<=""
[16:26:50.2543212]>写入配置:desktopDir=()<=""
[16:37:07.8615137]>正在初始化...
[16:37:18.4393026]>D:\Users\gaoxi\Music\lx\长街宴 - 音阙诗听、张栩赫.mp3
[16:37:18.4672292]>D:\Users\gaoxi\Music\lx\长街宴 - 音阙诗听、张栩赫.lrc=>True
[16:37:32.5797728]> movingPosition = true;
[16:37:32.8994316]> movingPosition = false;
[16:59:54.1700835]>正在初始化...
[17:00:01.6151810]>D:\Users\gaoxi\Music\lx\音阙诗听（一周年团歌） - 音阙诗听.mp3
[17:00:01.6441039]>D:\Users\gaoxi\Music\lx\音阙诗听（一周年团歌） - 音阙诗听.lrc=>True
[17:04:50.4573638]>正在初始化...
[17:05:07.1284182]>D:\Users\gaoxi\Music\lx\風の住む街 - 磯村由紀子.mp3
[17:05:07.1573423]>D:\Users\gaoxi\Music\lx\風の住む街 - 磯村由紀子.lrc=>False
[17:05:18.2160402]>D:\Users\gaoxi\Music\lx\长悲赋 - 音阙诗听、雨洛Huge.mp3
[17:05:18.2469569]>D:\Users\gaoxi\Music\lx\长悲赋 - 音阙诗听、雨洛Huge.lrc=>True
[17:05:24.6588073]> movingPosition = true;
[17:05:24.9161557]> movingPosition = false;
[17:06:22.4222960]> movingPosition = true;
[17:06:23.1393831]> movingPosition = false;
[17:06:26.6757857]> movingPosition = true;
[17:06:27.0238323]> movingPosition = false;
[17:06:46.7186563]> movingPosition = true;
[17:06:47.2316297]> movingPosition = false;
[17:06:48.3014435]> movingPosition = true;
[17:06:48.7463845]> movingPosition = false;
[17:06:51.4483078]> movingPosition = true;
[17:06:51.9459349]> movingPosition = false;
[17:06:52.4556029]> movingPosition = true;
[17:06:53.0467260]> movingPosition = false;
[17:07:01.1773185]> movingPosition = true;
[17:07:01.7642576]> movingPosition = false;
[17:07:10.0302827]> movingPosition = true;
[17:07:10.4207707]> movingPosition = false;
[17:07:15.9492808]> movingPosition = true;
[17:07:16.3222845]> movingPosition = false;
[17:07:58.5124030]> movingPosition = true;
[17:07:58.8897911]> movingPosition = false;
[17:08:00.2728125]> movingPosition = true;
[17:08:00.6458149]> movingPosition = false;
[17:08:14.0712120]> movingPosition = true;
[17:08:14.5070457]> movingPosition = false;
[17:08:16.7974847]> movingPosition = true;
[17:08:17.1432483]> movingPosition = false;
[17:08:25.4148682]> movingPosition = true;
[17:08:25.9355029]> movingPosition = false;
[17:08:50.2248739]> movingPosition = true;
[17:08:51.8056451]> movingPosition = false;
[17:13:01.5165758]>正在初始化...
[17:13:14.5936147]>D:\Users\gaoxi\Music\lx\音阙诗听（一周年团歌） - 音阙诗听.mp3
[17:13:14.6405327]>D:\Users\gaoxi\Music\lx\音阙诗听（一周年团歌） - 音阙诗听.lrc=>True
[17:17:18.6520404]> movingPosition = true;
[17:17:19.0240444]> movingPosition = false;
[17:17:45.8714064]> movingPosition = true;
[17:17:46.2154885]> movingPosition = false;
[17:31:24.1585797]> movingPosition = true;
[17:31:24.5268132]> movingPosition = false;
[17:31:34.0349363]> movingPosition = true;
[17:31:34.4498289]> movingPosition = false;
[17:41:35.2657106]>正在初始化...
[17:41:46.5016723]>D:\Users\gaoxi\Music\lx\音阙诗听（一周年团歌） - 音阙诗听.mp3
[17:41:46.5335870]>D:\Users\gaoxi\Music\lx\音阙诗听（一周年团歌） - 音阙诗听.lrc=>True
[17:44:02.8008950]>正在初始化...
[17:44:17.0777822]>D:\Users\gaoxi\Music\lx\36.5℃ - 音阙诗听、李佳思.mp3
[17:44:17.1072188]>D:\Users\gaoxi\Music\lx\36.5℃ - 音阙诗听、李佳思.lrc=>True
[17:44:27.0338184]> movingPosition = true;
[17:44:27.3240424]> movingPosition = false;
[17:44:30.0820484]> movingPosition = true;
[17:44:30.4341079]> movingPosition = false;
[17:48:33.1775570]>正在初始化...
[17:48:42.1665387]>D:\Users\gaoxi\Music\lx\音阙诗听（一周年团歌） - 音阙诗听.mp3
[17:48:42.1924707]>D:\Users\gaoxi\Music\lx\音阙诗听（一周年团歌） - 音阙诗听.lrc=>True
[17:53:42.5570746]> movingPosition = true;
[17:53:42.6747587]> movingPosition = false;
[17:53:43.6253003]> movingPosition = true;
[17:53:44.1508941]> movingPosition = false;
[17:57:10.2543288]> movingPosition = true;
[17:57:10.7111077]> movingPosition = false;
[18:00:54.7915911]>正在初始化...
[18:01:05.3573454]>D:\Users\gaoxi\Music\lx\青春不打烊（JOKER 2018Mix ） - 王梓钰、音阙诗听.mp3
[18:01:05.4042195]>D:\Users\gaoxi\Music\lx\青春不打烊（JOKER 2018Mix ） - 王梓钰、音阙诗听.lrc=>True
[18:07:32.4610229]>正在初始化...
[18:07:46.6271507]>D:\Users\gaoxi\Music\lx\青石巷 - 魏琮霏.mp3
[18:07:46.6510863]>D:\Users\gaoxi\Music\lx\青石巷 - 魏琮霏.lrc=>False
[18:07:52.7906030]>D:\Users\gaoxi\Music\lx\音阙诗听（一周年团歌） - 音阙诗听.mp3
[18:07:52.8454544]>D:\Users\gaoxi\Music\lx\音阙诗听（一周年团歌） - 音阙诗听.lrc=>True
[18:11:58.8908940]>正在初始化...
[18:12:08.7984067]>D:\Users\gaoxi\Music\lx\音阙诗听（一周年团歌） - 音阙诗听.mp3
[18:12:08.8472780]>D:\Users\gaoxi\Music\lx\音阙诗听（一周年团歌） - 音阙诗听.lrc=>True
[18:12:49.4646022]> movingPosition = true;
[18:12:50.0704952]> movingPosition = false;
[18:12:51.1673891]> movingPosition = true;
[18:12:51.5663221]> movingPosition = false;
[18:28:07.4410869]>正在初始化...
[18:35:18.5457666]>正在初始化...